+---------------------------------------------------------------------+
|  Log file: pa.characterize.log                                      |
|  Compiler version: 9.8.0                                            |
|  Created on: Tue Jul 26 18:01:48 2022                               |
|  Run ID: 1066809d471d4986                                           |
+---------------------------------------------------------------------+

Program: ring_buffer.p4

----------------------------------------------------------------------------------------------------------------------------------
| Container |  Gress  |                Name                | Class |  | P | 0 | 1 | 2 | 3 | 4 | 5 | 6 | 7 | 8 | 9 | 10 | 11 | D |
----------------------------------------------------------------------------------------------------------------------------------
|    phv0   | ingress |                                    |       |  |   |   |   |   |   |   |   |   |   |   |   |    |    |   |
|   [31:0]  | ingress |    hdr.ethernet.src_addr[31:0]     |  pkt  |  | W | R | ~ | ~ | ~ | ~ | ~ | ~ | ~ | ~ | ~ | ~  | ~  | R |
|    phv1   | ingress |                                    |       |  |   |   |   |   |   |   |   |   |   |   |   |    |    |   |
|   [31:0]  | ingress |      hdr.ipv4.dst_addr[31:0]       |  pkt  |  | W |   |   |   |   |   |   |   |   |   |   |    |    |   |
|    phv2   | ingress |                                    | OL,SH |  |   |   |   |   |   |   |   |   |   |   |   |    |    |   |
|   [31:0]  | ingress |       Enqueue_tail_tmp[31:0]       |  meta |  |   |   | W |   |   |   |   |   |   |   |   |    |    |   |
|   [31:0]  | ingress |       Dequeue_size_tmp[31:0]       |  meta |  |   | W |   |   |   |   |   |   |   |   |   |    |    |   |
|    phv3   | ingress |                                    | OL,SH |  |   |   |   |   |   |   |   |   |   |   |   |    |    |   |
|   [31:0]  | ingress |       Dequeue_head_tmp[31:0]       |  meta |  |   |   | W |   |   |   |   |   |   |   |   |    |    |   |
|    [0:0]  | ingress |       Enqueue_first_tmp[0:0]       |  meta |  |   | W |   |   |   |   |   |   |   |   |   |    |    |   |
|    phv4   |    -    |                                    |       |  |   |   |   |   |   |   |   |   |   |   |   |    |    |   |
|    phv5   |    -    |                                    |       |  |   |   |   |   |   |   |   |   |   |   |   |    |    |   |
|    phv6   |    -    |                                    |       |  |   |   |   |   |   |   |   |   |   |   |   |    |    |   |
|    phv7   |    -    |                                    |       |  |   |   |   |   |   |   |   |   |   |   |   |    |    |   |
|    phv8   |    -    |                                    |       |  |   |   |   |   |   |   |   |   |   |   |   |    |    |   |
|    phv9   |    -    |                                    |       |  |   |   |   |   |   |   |   |   |   |   |   |    |    |   |
|   phv10   |    -    |                                    |       |  |   |   |   |   |   |   |   |   |   |   |   |    |    |   |
|   phv11   |    -    |                                    |       |  |   |   |   |   |   |   |   |   |   |   |   |    |    |   |
|   phv12   |    -    |                                    |       |  |   |   |   |   |   |   |   |   |   |   |   |    |    |   |
|   phv13   |    -    |                                    |       |  |   |   |   |   |   |   |   |   |   |   |   |    |    |   |
|   phv14   |    -    |                                    |       |  |   |   |   |   |   |   |   |   |   |   |   |    |    |   |
|   phv15   |    -    |                                    |       |  |   |   |   |   |   |   |   |   |   |   |   |    |    |   |
|   phv16   |    -    |                                    |       |  |   |   |   |   |   |   |   |   |   |   |   |    |    |   |
|   phv17   |    -    |                                    |       |  |   |   |   |   |   |   |   |   |   |   |   |    |    |   |
|   phv18   |    -    |                                    |       |  |   |   |   |   |   |   |   |   |   |   |   |    |    |   |
|   phv19   |    -    |                                    |       |  |   |   |   |   |   |   |   |   |   |   |   |    |    |   |
|   phv20   |    -    |                                    |       |  |   |   |   |   |   |   |   |   |   |   |   |    |    |   |
|   phv21   |    -    |                                    |       |  |   |   |   |   |   |   |   |   |   |   |   |    |    |   |
|   phv22   |    -    |                                    |       |  |   |   |   |   |   |   |   |   |   |   |   |    |    |   |
|   phv23   |    -    |                                    |       |  |   |   |   |   |   |   |   |   |   |   |   |    |    |   |
|   phv24   |    -    |                                    |       |  |   |   |   |   |   |   |   |   |   |   |   |    |    |   |
|   phv25   |    -    |                                    |       |  |   |   |   |   |   |   |   |   |   |   |   |    |    |   |
|   phv26   |    -    |                                    |       |  |   |   |   |   |   |   |   |   |   |   |   |    |    |   |
|   phv27   |    -    |                                    |       |  |   |   |   |   |   |   |   |   |   |   |   |    |    |   |
|   phv28   |    -    |                                    |       |  |   |   |   |   |   |   |   |   |   |   |   |    |    |   |
|   phv29   |    -    |                                    |       |  |   |   |   |   |   |   |   |   |   |   |   |    |    |   |
|   phv30   |    -    |                                    |       |  |   |   |   |   |   |   |   |   |   |   |   |    |    |   |
|   phv31   |    -    |                                    |       |  |   |   |   |   |   |   |   |   |   |   |   |    |    |   |
|   phv32   |    -    |                                    |       |  |   |   |   |   |   |   |   |   |   |   |   |    |    |   |
|   phv33   |    -    |                                    |       |  |   |   |   |   |   |   |   |   |   |   |   |    |    |   |
|   phv34   |    -    |                                    |       |  |   |   |   |   |   |   |   |   |   |   |   |    |    |   |
|   phv35   |    -    |                                    |       |  |   |   |   |   |   |   |   |   |   |   |   |    |    |   |
|   phv36   |    -    |                                    |       |  |   |   |   |   |   |   |   |   |   |   |   |    |    |   |
|   phv37   |    -    |                                    |       |  |   |   |   |   |   |   |   |   |   |   |   |    |    |   |
|   phv38   |    -    |                                    |       |  |   |   |   |   |   |   |   |   |   |   |   |    |    |   |
|   phv39   |    -    |                                    |       |  |   |   |   |   |   |   |   |   |   |   |   |    |    |   |
|   phv40   |    -    |                                    |       |  |   |   |   |   |   |   |   |   |   |   |   |    |    |   |
|   phv41   |    -    |                                    |       |  |   |   |   |   |   |   |   |   |   |   |   |    |    |   |
|   phv42   |    -    |                                    |       |  |   |   |   |   |   |   |   |   |   |   |   |    |    |   |
|   phv43   |    -    |                                    |       |  |   |   |   |   |   |   |   |   |   |   |   |    |    |   |
|   phv44   |    -    |                                    |       |  |   |   |   |   |   |   |   |   |   |   |   |    |    |   |
|   phv45   |    -    |                                    |       |  |   |   |   |   |   |   |   |   |   |   |   |    |    |   |
|   phv46   |    -    |                                    |       |  |   |   |   |   |   |   |   |   |   |   |   |    |    |   |
|   phv47   |    -    |                                    |       |  |   |   |   |   |   |   |   |   |   |   |   |    |    |   |
|   phv48   |    -    |                                    |       |  |   |   |   |   |   |   |   |   |   |   |   |    |    |   |
|   phv49   |    -    |                                    |       |  |   |   |   |   |   |   |   |   |   |   |   |    |    |   |
|   phv50   |    -    |                                    |       |  |   |   |   |   |   |   |   |   |   |   |   |    |    |   |
|   phv51   |    -    |                                    |       |  |   |   |   |   |   |   |   |   |   |   |   |    |    |   |
|   phv52   |    -    |                                    |       |  |   |   |   |   |   |   |   |   |   |   |   |    |    |   |
|   phv53   |    -    |                                    |       |  |   |   |   |   |   |   |   |   |   |   |   |    |    |   |
|   phv54   |    -    |                                    |       |  |   |   |   |   |   |   |   |   |   |   |   |    |    |   |
|   phv55   |    -    |                                    |       |  |   |   |   |   |   |   |   |   |   |   |   |    |    |   |
|   phv56   |    -    |                                    |       |  |   |   |   |   |   |   |   |   |   |   |   |    |    |   |
|   phv57   |    -    |                                    |       |  |   |   |   |   |   |   |   |   |   |   |   |    |    |   |
|   phv58   |    -    |                                    |       |  |   |   |   |   |   |   |   |   |   |   |   |    |    |   |
|   phv59   |    -    |                                    |       |  |   |   |   |   |   |   |   |   |   |   |   |    |    |   |
|   phv60   |    -    |                                    |       |  |   |   |   |   |   |   |   |   |   |   |   |    |    |   |
|   phv61   |    -    |                                    |       |  |   |   |   |   |   |   |   |   |   |   |   |    |    |   |
|   phv62   |    -    |                                    |       |  |   |   |   |   |   |   |   |   |   |   |   |    |    |   |
|   phv63   |    -    |                                    |       |  |   |   |   |   |   |   |   |   |   |   |   |    |    |   |
|           |         |                                    |       |  |   |   |   |   |   |   |   |   |   |   |   |    |    |   |
|   phv64   | ingress |                                    |       |  |   |   |   |   |   |   |   |   |   |   |   |    |    |   |
|    [2:0]  | ingress | ig_intr_md_for_dprsr.drop_ctl[2:0] | imeta |  |   | W | ~ | ~ | ~ | ~ | ~ | ~ | ~ | ~ | ~ | ~  | ~  | R |
|   phv65   | ingress |                                    |       |  |   |   |   |   |   |   |   |   |   |   |   |    |    |   |
|    [0:0]  | ingress |      hdr.ethernet.$valid[0:0]      |  pov  |  | W | ~ | ~ | ~ | ~ | ~ | ~ | ~ | ~ | ~ | ~ | ~  | ~  | R |
|   phv66   |    -    |                                    |       |  |   |   |   |   |   |   |   |   |   |   |   |    |    |   |
|   phv67   |    -    |                                    |       |  |   |   |   |   |   |   |   |   |   |   |   |    |    |   |
|   phv68   |    -    |                                    |       |  |   |   |   |   |   |   |   |   |   |   |   |    |    |   |
|   phv69   |    -    |                                    |       |  |   |   |   |   |   |   |   |   |   |   |   |    |    |   |
|   phv70   |    -    |                                    |       |  |   |   |   |   |   |   |   |   |   |   |   |    |    |   |
|   phv71   |    -    |                                    |       |  |   |   |   |   |   |   |   |   |   |   |   |    |    |   |
|   phv72   |    -    |                                    |       |  |   |   |   |   |   |   |   |   |   |   |   |    |    |   |
|   phv73   |    -    |                                    |       |  |   |   |   |   |   |   |   |   |   |   |   |    |    |   |
|   phv74   |    -    |                                    |       |  |   |   |   |   |   |   |   |   |   |   |   |    |    |   |
|   phv75   |    -    |                                    |       |  |   |   |   |   |   |   |   |   |   |   |   |    |    |   |
|   phv76   |    -    |                                    |       |  |   |   |   |   |   |   |   |   |   |   |   |    |    |   |
|   phv77   |    -    |                                    |       |  |   |   |   |   |   |   |   |   |   |   |   |    |    |   |
|   phv78   |    -    |                                    |       |  |   |   |   |   |   |   |   |   |   |   |   |    |    |   |
|   phv79   |    -    |                                    |       |  |   |   |   |   |   |   |   |   |   |   |   |    |    |   |
|   phv80   |    -    |                                    |       |  |   |   |   |   |   |   |   |   |   |   |   |    |    |   |
|   phv81   |    -    |                                    |       |  |   |   |   |   |   |   |   |   |   |   |   |    |    |   |
|   phv82   |    -    |                                    |       |  |   |   |   |   |   |   |   |   |   |   |   |    |    |   |
|   phv83   |    -    |                                    |       |  |   |   |   |   |   |   |   |   |   |   |   |    |    |   |
|   phv84   |    -    |                                    |       |  |   |   |   |   |   |   |   |   |   |   |   |    |    |   |
|   phv85   |    -    |                                    |       |  |   |   |   |   |   |   |   |   |   |   |   |    |    |   |
|   phv86   |    -    |                                    |       |  |   |   |   |   |   |   |   |   |   |   |   |    |    |   |
|   phv87   |    -    |                                    |       |  |   |   |   |   |   |   |   |   |   |   |   |    |    |   |
|   phv88   |    -    |                                    |       |  |   |   |   |   |   |   |   |   |   |   |   |    |    |   |
|   phv89   |    -    |                                    |       |  |   |   |   |   |   |   |   |   |   |   |   |    |    |   |
|   phv90   |    -    |                                    |       |  |   |   |   |   |   |   |   |   |   |   |   |    |    |   |
|   phv91   |    -    |                                    |       |  |   |   |   |   |   |   |   |   |   |   |   |    |    |   |
|   phv92   |    -    |                                    |       |  |   |   |   |   |   |   |   |   |   |   |   |    |    |   |
|   phv93   |    -    |                                    |       |  |   |   |   |   |   |   |   |   |   |   |   |    |    |   |
|   phv94   |    -    |                                    |       |  |   |   |   |   |   |   |   |   |   |   |   |    |    |   |
|   phv95   |    -    |                                    |       |  |   |   |   |   |   |   |   |   |   |   |   |    |    |   |
|   phv96   |    -    |                                    |       |  |   |   |   |   |   |   |   |   |   |   |   |    |    |   |
|   phv97   |    -    |                                    |       |  |   |   |   |   |   |   |   |   |   |   |   |    |    |   |
|   phv98   |    -    |                                    |       |  |   |   |   |   |   |   |   |   |   |   |   |    |    |   |
|   phv99   |    -    |                                    |       |  |   |   |   |   |   |   |   |   |   |   |   |    |    |   |
|   phv100  |    -    |                                    |       |  |   |   |   |   |   |   |   |   |   |   |   |    |    |   |
|   phv101  |    -    |                                    |       |  |   |   |   |   |   |   |   |   |   |   |   |    |    |   |
|   phv102  |    -    |                                    |       |  |   |   |   |   |   |   |   |   |   |   |   |    |    |   |
|   phv103  |    -    |                                    |       |  |   |   |   |   |   |   |   |   |   |   |   |    |    |   |
|   phv104  |    -    |                                    |       |  |   |   |   |   |   |   |   |   |   |   |   |    |    |   |
|   phv105  |    -    |                                    |       |  |   |   |   |   |   |   |   |   |   |   |   |    |    |   |
|   phv106  |    -    |                                    |       |  |   |   |   |   |   |   |   |   |   |   |   |    |    |   |
|   phv107  |    -    |                                    |       |  |   |   |   |   |   |   |   |   |   |   |   |    |    |   |
|   phv108  |    -    |                                    |       |  |   |   |   |   |   |   |   |   |   |   |   |    |    |   |
|   phv109  |    -    |                                    |       |  |   |   |   |   |   |   |   |   |   |   |   |    |    |   |
|   phv110  |    -    |                                    |       |  |   |   |   |   |   |   |   |   |   |   |   |    |    |   |
|   phv111  |    -    |                                    |       |  |   |   |   |   |   |   |   |   |   |   |   |    |    |   |
|   phv112  |    -    |                                    |       |  |   |   |   |   |   |   |   |   |   |   |   |    |    |   |
|   phv113  |    -    |                                    |       |  |   |   |   |   |   |   |   |   |   |   |   |    |    |   |
|   phv114  |    -    |                                    |       |  |   |   |   |   |   |   |   |   |   |   |   |    |    |   |
|   phv115  |    -    |                                    |       |  |   |   |   |   |   |   |   |   |   |   |   |    |    |   |
|   phv116  |    -    |                                    |       |  |   |   |   |   |   |   |   |   |   |   |   |    |    |   |
|   phv117  |    -    |                                    |       |  |   |   |   |   |   |   |   |   |   |   |   |    |    |   |
|   phv118  |    -    |                                    |       |  |   |   |   |   |   |   |   |   |   |   |   |    |    |   |
|   phv119  |    -    |                                    |       |  |   |   |   |   |   |   |   |   |   |   |   |    |    |   |
|   phv120  |    -    |                                    |       |  |   |   |   |   |   |   |   |   |   |   |   |    |    |   |
|   phv121  |    -    |                                    |       |  |   |   |   |   |   |   |   |   |   |   |   |    |    |   |
|   phv122  |    -    |                                    |       |  |   |   |   |   |   |   |   |   |   |   |   |    |    |   |
|   phv123  |    -    |                                    |       |  |   |   |   |   |   |   |   |   |   |   |   |    |    |   |
|   phv124  |    -    |                                    |       |  |   |   |   |   |   |   |   |   |   |   |   |    |    |   |
|   phv125  |    -    |                                    |       |  |   |   |   |   |   |   |   |   |   |   |   |    |    |   |
|   phv126  |    -    |                                    |       |  |   |   |   |   |   |   |   |   |   |   |   |    |    |   |
|   phv127  |    -    |                                    |       |  |   |   |   |   |   |   |   |   |   |   |   |    |    |   |
|           |         |                                    |       |  |   |   |   |   |   |   |   |   |   |   |   |    |    |   |
|   phv128  | ingress |                                    |       |  |   |   |   |   |   |   |   |   |   |   |   |    |    |   |
|   [15:0]  | ingress |    hdr.ethernet.src_addr[47:32]    |  pkt  |  | W | R | ~ | ~ | ~ | ~ | ~ | ~ | ~ | ~ | ~ | ~  | ~  | R |
|   phv129  |    -    |                                    |       |  |   |   |   |   |   |   |   |   |   |   |   |    |    |   |
|   phv130  |    -    |                                    |       |  |   |   |   |   |   |   |   |   |   |   |   |    |    |   |
|   phv131  |    -    |                                    |       |  |   |   |   |   |   |   |   |   |   |   |   |    |    |   |
|   phv132  |    -    |                                    |       |  |   |   |   |   |   |   |   |   |   |   |   |    |    |   |
|   phv133  |    -    |                                    |       |  |   |   |   |   |   |   |   |   |   |   |   |    |    |   |
|   phv134  |    -    |                                    |       |  |   |   |   |   |   |   |   |   |   |   |   |    |    |   |
|   phv135  |    -    |                                    |       |  |   |   |   |   |   |   |   |   |   |   |   |    |    |   |
|   phv136  |    -    |                                    |       |  |   |   |   |   |   |   |   |   |   |   |   |    |    |   |
|   phv137  |    -    |                                    |       |  |   |   |   |   |   |   |   |   |   |   |   |    |    |   |
|   phv138  |    -    |                                    |       |  |   |   |   |   |   |   |   |   |   |   |   |    |    |   |
|   phv139  |    -    |                                    |       |  |   |   |   |   |   |   |   |   |   |   |   |    |    |   |
|   phv140  |    -    |                                    |       |  |   |   |   |   |   |   |   |   |   |   |   |    |    |   |
|   phv141  |    -    |                                    |       |  |   |   |   |   |   |   |   |   |   |   |   |    |    |   |
|   phv142  |    -    |                                    |       |  |   |   |   |   |   |   |   |   |   |   |   |    |    |   |
|   phv143  |    -    |                                    |       |  |   |   |   |   |   |   |   |   |   |   |   |    |    |   |
|   phv144  |    -    |                                    |       |  |   |   |   |   |   |   |   |   |   |   |   |    |    |   |
|   phv145  |    -    |                                    |       |  |   |   |   |   |   |   |   |   |   |   |   |    |    |   |
|   phv146  |    -    |                                    |       |  |   |   |   |   |   |   |   |   |   |   |   |    |    |   |
|   phv147  |    -    |                                    |       |  |   |   |   |   |   |   |   |   |   |   |   |    |    |   |
|   phv148  |    -    |                                    |       |  |   |   |   |   |   |   |   |   |   |   |   |    |    |   |
|   phv149  |    -    |                                    |       |  |   |   |   |   |   |   |   |   |   |   |   |    |    |   |
|   phv150  |    -    |                                    |       |  |   |   |   |   |   |   |   |   |   |   |   |    |    |   |
|   phv151  |    -    |                                    |       |  |   |   |   |   |   |   |   |   |   |   |   |    |    |   |
|   phv152  |    -    |                                    |       |  |   |   |   |   |   |   |   |   |   |   |   |    |    |   |
|   phv153  |    -    |                                    |       |  |   |   |   |   |   |   |   |   |   |   |   |    |    |   |
|   phv154  |    -    |                                    |       |  |   |   |   |   |   |   |   |   |   |   |   |    |    |   |
|   phv155  |    -    |                                    |       |  |   |   |   |   |   |   |   |   |   |   |   |    |    |   |
|   phv156  |    -    |                                    |       |  |   |   |   |   |   |   |   |   |   |   |   |    |    |   |
|   phv157  |    -    |                                    |       |  |   |   |   |   |   |   |   |   |   |   |   |    |    |   |
|   phv158  |    -    |                                    |       |  |   |   |   |   |   |   |   |   |   |   |   |    |    |   |
|   phv159  |    -    |                                    |       |  |   |   |   |   |   |   |   |   |   |   |   |    |    |   |
|   phv160  |    -    |                                    |       |  |   |   |   |   |   |   |   |   |   |   |   |    |    |   |
|   phv161  |    -    |                                    |       |  |   |   |   |   |   |   |   |   |   |   |   |    |    |   |
|   phv162  |    -    |                                    |       |  |   |   |   |   |   |   |   |   |   |   |   |    |    |   |
|   phv163  |    -    |                                    |       |  |   |   |   |   |   |   |   |   |   |   |   |    |    |   |
|   phv164  |    -    |                                    |       |  |   |   |   |   |   |   |   |   |   |   |   |    |    |   |
|   phv165  |    -    |                                    |       |  |   |   |   |   |   |   |   |   |   |   |   |    |    |   |
|   phv166  |    -    |                                    |       |  |   |   |   |   |   |   |   |   |   |   |   |    |    |   |
|   phv167  |    -    |                                    |       |  |   |   |   |   |   |   |   |   |   |   |   |    |    |   |
|   phv168  |    -    |                                    |       |  |   |   |   |   |   |   |   |   |   |   |   |    |    |   |
|   phv169  |    -    |                                    |       |  |   |   |   |   |   |   |   |   |   |   |   |    |    |   |
|   phv170  |    -    |                                    |       |  |   |   |   |   |   |   |   |   |   |   |   |    |    |   |
|   phv171  |    -    |                                    |       |  |   |   |   |   |   |   |   |   |   |   |   |    |    |   |
|   phv172  |    -    |                                    |       |  |   |   |   |   |   |   |   |   |   |   |   |    |    |   |
|   phv173  |    -    |                                    |       |  |   |   |   |   |   |   |   |   |   |   |   |    |    |   |
|   phv174  |    -    |                                    |       |  |   |   |   |   |   |   |   |   |   |   |   |    |    |   |
|   phv175  |    -    |                                    |       |  |   |   |   |   |   |   |   |   |   |   |   |    |    |   |
|   phv176  |    -    |                                    |       |  |   |   |   |   |   |   |   |   |   |   |   |    |    |   |
|   phv177  |    -    |                                    |       |  |   |   |   |   |   |   |   |   |   |   |   |    |    |   |
|   phv178  |    -    |                                    |       |  |   |   |   |   |   |   |   |   |   |   |   |    |    |   |
|   phv179  |    -    |                                    |       |  |   |   |   |   |   |   |   |   |   |   |   |    |    |   |
|   phv180  |    -    |                                    |       |  |   |   |   |   |   |   |   |   |   |   |   |    |    |   |
|   phv181  |    -    |                                    |       |  |   |   |   |   |   |   |   |   |   |   |   |    |    |   |
|   phv182  |    -    |                                    |       |  |   |   |   |   |   |   |   |   |   |   |   |    |    |   |
|   phv183  |    -    |                                    |       |  |   |   |   |   |   |   |   |   |   |   |   |    |    |   |
|   phv184  |    -    |                                    |       |  |   |   |   |   |   |   |   |   |   |   |   |    |    |   |
|   phv185  |    -    |                                    |       |  |   |   |   |   |   |   |   |   |   |   |   |    |    |   |
|   phv186  |    -    |                                    |       |  |   |   |   |   |   |   |   |   |   |   |   |    |    |   |
|   phv187  |    -    |                                    |       |  |   |   |   |   |   |   |   |   |   |   |   |    |    |   |
|   phv188  |    -    |                                    |       |  |   |   |   |   |   |   |   |   |   |   |   |    |    |   |
|   phv189  |    -    |                                    |       |  |   |   |   |   |   |   |   |   |   |   |   |    |    |   |
|   phv190  |    -    |                                    |       |  |   |   |   |   |   |   |   |   |   |   |   |    |    |   |
|   phv191  |    -    |                                    |       |  |   |   |   |   |   |   |   |   |   |   |   |    |    |   |
|   phv192  |    -    |                                    |       |  |   |   |   |   |   |   |   |   |   |   |   |    |    |   |
|   phv193  |    -    |                                    |       |  |   |   |   |   |   |   |   |   |   |   |   |    |    |   |
|   phv194  |    -    |                                    |       |  |   |   |   |   |   |   |   |   |   |   |   |    |    |   |
|   phv195  |    -    |                                    |       |  |   |   |   |   |   |   |   |   |   |   |   |    |    |   |
|   phv196  |    -    |                                    |       |  |   |   |   |   |   |   |   |   |   |   |   |    |    |   |
|   phv197  |    -    |                                    |       |  |   |   |   |   |   |   |   |   |   |   |   |    |    |   |
|   phv198  |    -    |                                    |       |  |   |   |   |   |   |   |   |   |   |   |   |    |    |   |
|   phv199  |    -    |                                    |       |  |   |   |   |   |   |   |   |   |   |   |   |    |    |   |
|   phv200  |    -    |                                    |       |  |   |   |   |   |   |   |   |   |   |   |   |    |    |   |
|   phv201  |    -    |                                    |       |  |   |   |   |   |   |   |   |   |   |   |   |    |    |   |
|   phv202  |    -    |                                    |       |  |   |   |   |   |   |   |   |   |   |   |   |    |    |   |
|   phv203  |    -    |                                    |       |  |   |   |   |   |   |   |   |   |   |   |   |    |    |   |
|   phv204  |    -    |                                    |       |  |   |   |   |   |   |   |   |   |   |   |   |    |    |   |
|   phv205  |    -    |                                    |       |  |   |   |   |   |   |   |   |   |   |   |   |    |    |   |
|   phv206  |    -    |                                    |       |  |   |   |   |   |   |   |   |   |   |   |   |    |    |   |
|   phv207  |    -    |                                    |       |  |   |   |   |   |   |   |   |   |   |   |   |    |    |   |
|   phv208  |    -    |                                    |       |  |   |   |   |   |   |   |   |   |   |   |   |    |    |   |
|   phv209  |    -    |                                    |       |  |   |   |   |   |   |   |   |   |   |   |   |    |    |   |
|   phv210  |    -    |                                    |       |  |   |   |   |   |   |   |   |   |   |   |   |    |    |   |
|   phv211  |    -    |                                    |       |  |   |   |   |   |   |   |   |   |   |   |   |    |    |   |
|   phv212  |    -    |                                    |       |  |   |   |   |   |   |   |   |   |   |   |   |    |    |   |
|   phv213  |    -    |                                    |       |  |   |   |   |   |   |   |   |   |   |   |   |    |    |   |
|   phv214  |    -    |                                    |       |  |   |   |   |   |   |   |   |   |   |   |   |    |    |   |
|   phv215  |    -    |                                    |       |  |   |   |   |   |   |   |   |   |   |   |   |    |    |   |
|   phv216  |    -    |                                    |       |  |   |   |   |   |   |   |   |   |   |   |   |    |    |   |
|   phv217  |    -    |                                    |       |  |   |   |   |   |   |   |   |   |   |   |   |    |    |   |
|   phv218  |    -    |                                    |       |  |   |   |   |   |   |   |   |   |   |   |   |    |    |   |
|   phv219  |    -    |                                    |       |  |   |   |   |   |   |   |   |   |   |   |   |    |    |   |
|   phv220  |    -    |                                    |       |  |   |   |   |   |   |   |   |   |   |   |   |    |    |   |
|   phv221  |    -    |                                    |       |  |   |   |   |   |   |   |   |   |   |   |   |    |    |   |
|   phv222  |    -    |                                    |       |  |   |   |   |   |   |   |   |   |   |   |   |    |    |   |
|   phv223  |    -    |                                    |       |  |   |   |   |   |   |   |   |   |   |   |   |    |    |   |
|   phv224  |    -    |                                    |       |  |   |   |   |   |   |   |   |   |   |   |   |    |    |   |
|   phv225  |    -    |                                    |       |  |   |   |   |   |   |   |   |   |   |   |   |    |    |   |
|   phv226  |    -    |                                    |       |  |   |   |   |   |   |   |   |   |   |   |   |    |    |   |
|   phv227  |    -    |                                    |       |  |   |   |   |   |   |   |   |   |   |   |   |    |    |   |
|   phv228  |    -    |                                    |       |  |   |   |   |   |   |   |   |   |   |   |   |    |    |   |
|   phv229  |    -    |                                    |       |  |   |   |   |   |   |   |   |   |   |   |   |    |    |   |
|   phv230  |    -    |                                    |       |  |   |   |   |   |   |   |   |   |   |   |   |    |    |   |
|   phv231  |    -    |                                    |       |  |   |   |   |   |   |   |   |   |   |   |   |    |    |   |
|   phv232  |    -    |                                    |       |  |   |   |   |   |   |   |   |   |   |   |   |    |    |   |
|   phv233  |    -    |                                    |       |  |   |   |   |   |   |   |   |   |   |   |   |    |    |   |
|   phv234  |    -    |                                    |       |  |   |   |   |   |   |   |   |   |   |   |   |    |    |   |
|   phv235  |    -    |                                    |       |  |   |   |   |   |   |   |   |   |   |   |   |    |    |   |
|   phv236  |    -    |                                    |       |  |   |   |   |   |   |   |   |   |   |   |   |    |    |   |
|   phv237  |    -    |                                    |       |  |   |   |   |   |   |   |   |   |   |   |   |    |    |   |
|   phv238  |    -    |                                    |       |  |   |   |   |   |   |   |   |   |   |   |   |    |    |   |
|   phv239  |    -    |                                    |       |  |   |   |   |   |   |   |   |   |   |   |   |    |    |   |
|   phv240  |    -    |                                    |       |  |   |   |   |   |   |   |   |   |   |   |   |    |    |   |
|   phv241  |    -    |                                    |       |  |   |   |   |   |   |   |   |   |   |   |   |    |    |   |
|   phv242  |    -    |                                    |       |  |   |   |   |   |   |   |   |   |   |   |   |    |    |   |
|   phv243  |    -    |                                    |       |  |   |   |   |   |   |   |   |   |   |   |   |    |    |   |
|   phv244  |    -    |                                    |       |  |   |   |   |   |   |   |   |   |   |   |   |    |    |   |
|   phv245  |    -    |                                    |       |  |   |   |   |   |   |   |   |   |   |   |   |    |    |   |
|   phv246  |    -    |                                    |       |  |   |   |   |   |   |   |   |   |   |   |   |    |    |   |
|   phv247  |    -    |                                    |       |  |   |   |   |   |   |   |   |   |   |   |   |    |    |   |
|   phv248  |    -    |                                    |       |  |   |   |   |   |   |   |   |   |   |   |   |    |    |   |
|   phv249  |    -    |                                    |       |  |   |   |   |   |   |   |   |   |   |   |   |    |    |   |
|   phv250  |    -    |                                    |       |  |   |   |   |   |   |   |   |   |   |   |   |    |    |   |
|   phv251  |    -    |                                    |       |  |   |   |   |   |   |   |   |   |   |   |   |    |    |   |
|   phv252  |    -    |                                    |       |  |   |   |   |   |   |   |   |   |   |   |   |    |    |   |
|   phv253  |    -    |                                    |       |  |   |   |   |   |   |   |   |   |   |   |   |    |    |   |
|   phv254  |    -    |                                    |       |  |   |   |   |   |   |   |   |   |   |   |   |    |    |   |
|   phv255  |    -    |                                    |       |  |   |   |   |   |   |   |   |   |   |   |   |    |    |   |
|           |         |                                    |       |  |   |   |   |   |   |   |   |   |   |   |   |    |    |   |
|   phv256  | ingress |                                    |       |  |   |   |   |   |   |   |   |   |   |   |   |    |    |   |
|   [31:0]  | ingress |    hdr.ethernet.dst_addr[31:0]     |  pkt  |  | W | ~ | ~ | ~ | ~ | ~ | ~ | ~ | ~ | ~ | ~ | ~  | ~  | R |
|   phv257  |    -    |                                    |       |  |   |   |   |   |   |   |   |   |   |   |   |    |    |   |
|   phv258  |    -    |                                    |       |  |   |   |   |   |   |   |   |   |   |   |   |    |    |   |
|   phv259  |    -    |                                    |       |  |   |   |   |   |   |   |   |   |   |   |   |    |    |   |
|   phv260  |    -    |                                    |       |  |   |   |   |   |   |   |   |   |   |   |   |    |    |   |
|   phv261  |    -    |                                    |       |  |   |   |   |   |   |   |   |   |   |   |   |    |    |   |
|   phv262  |    -    |                                    |       |  |   |   |   |   |   |   |   |   |   |   |   |    |    |   |
|   phv263  |    -    |                                    |       |  |   |   |   |   |   |   |   |   |   |   |   |    |    |   |
|   phv264  |    -    |                                    |       |  |   |   |   |   |   |   |   |   |   |   |   |    |    |   |
|   phv265  |    -    |                                    |       |  |   |   |   |   |   |   |   |   |   |   |   |    |    |   |
|   phv266  |    -    |                                    |       |  |   |   |   |   |   |   |   |   |   |   |   |    |    |   |
|   phv267  |    -    |                                    |       |  |   |   |   |   |   |   |   |   |   |   |   |    |    |   |
|   phv268  |    -    |                                    |       |  |   |   |   |   |   |   |   |   |   |   |   |    |    |   |
|   phv269  |    -    |                                    |       |  |   |   |   |   |   |   |   |   |   |   |   |    |    |   |
|   phv270  |    -    |                                    |       |  |   |   |   |   |   |   |   |   |   |   |   |    |    |   |
|   phv271  |    -    |                                    |       |  |   |   |   |   |   |   |   |   |   |   |   |    |    |   |
|   phv272  |    -    |                                    |       |  |   |   |   |   |   |   |   |   |   |   |   |    |    |   |
|   phv273  |    -    |                                    |       |  |   |   |   |   |   |   |   |   |   |   |   |    |    |   |
|   phv274  |    -    |                                    |       |  |   |   |   |   |   |   |   |   |   |   |   |    |    |   |
|   phv275  |    -    |                                    |       |  |   |   |   |   |   |   |   |   |   |   |   |    |    |   |
|   phv276  |    -    |                                    |       |  |   |   |   |   |   |   |   |   |   |   |   |    |    |   |
|   phv277  |    -    |                                    |       |  |   |   |   |   |   |   |   |   |   |   |   |    |    |   |
|   phv278  |    -    |                                    |       |  |   |   |   |   |   |   |   |   |   |   |   |    |    |   |
|   phv279  |    -    |                                    |       |  |   |   |   |   |   |   |   |   |   |   |   |    |    |   |
|   phv280  |    -    |                                    |       |  |   |   |   |   |   |   |   |   |   |   |   |    |    |   |
|   phv281  |    -    |                                    |       |  |   |   |   |   |   |   |   |   |   |   |   |    |    |   |
|   phv282  |    -    |                                    |       |  |   |   |   |   |   |   |   |   |   |   |   |    |    |   |
|   phv283  |    -    |                                    |       |  |   |   |   |   |   |   |   |   |   |   |   |    |    |   |
|   phv284  |    -    |                                    |       |  |   |   |   |   |   |   |   |   |   |   |   |    |    |   |
|   phv285  |    -    |                                    |       |  |   |   |   |   |   |   |   |   |   |   |   |    |    |   |
|   phv286  |    -    |                                    |       |  |   |   |   |   |   |   |   |   |   |   |   |    |    |   |
|   phv287  |    -    |                                    |       |  |   |   |   |   |   |   |   |   |   |   |   |    |    |   |
|           |         |                                    |       |  |   |   |   |   |   |   |   |   |   |   |   |    |    |   |
|   phv288  |    -    |                                    |       |  |   |   |   |   |   |   |   |   |   |   |   |    |    |   |
|   phv289  |    -    |                                    |       |  |   |   |   |   |   |   |   |   |   |   |   |    |    |   |
|   phv290  |    -    |                                    |       |  |   |   |   |   |   |   |   |   |   |   |   |    |    |   |
|   phv291  |    -    |                                    |       |  |   |   |   |   |   |   |   |   |   |   |   |    |    |   |
|   phv292  |    -    |                                    |       |  |   |   |   |   |   |   |   |   |   |   |   |    |    |   |
|   phv293  |    -    |                                    |       |  |   |   |   |   |   |   |   |   |   |   |   |    |    |   |
|   phv294  |    -    |                                    |       |  |   |   |   |   |   |   |   |   |   |   |   |    |    |   |
|   phv295  |    -    |                                    |       |  |   |   |   |   |   |   |   |   |   |   |   |    |    |   |
|   phv296  |    -    |                                    |       |  |   |   |   |   |   |   |   |   |   |   |   |    |    |   |
|   phv297  |    -    |                                    |       |  |   |   |   |   |   |   |   |   |   |   |   |    |    |   |
|   phv298  |    -    |                                    |       |  |   |   |   |   |   |   |   |   |   |   |   |    |    |   |
|   phv299  |    -    |                                    |       |  |   |   |   |   |   |   |   |   |   |   |   |    |    |   |
|   phv300  |    -    |                                    |       |  |   |   |   |   |   |   |   |   |   |   |   |    |    |   |
|   phv301  |    -    |                                    |       |  |   |   |   |   |   |   |   |   |   |   |   |    |    |   |
|   phv302  |    -    |                                    |       |  |   |   |   |   |   |   |   |   |   |   |   |    |    |   |
|   phv303  |    -    |                                    |       |  |   |   |   |   |   |   |   |   |   |   |   |    |    |   |
|   phv304  |    -    |                                    |       |  |   |   |   |   |   |   |   |   |   |   |   |    |    |   |
|   phv305  |    -    |                                    |       |  |   |   |   |   |   |   |   |   |   |   |   |    |    |   |
|   phv306  |    -    |                                    |       |  |   |   |   |   |   |   |   |   |   |   |   |    |    |   |
|   phv307  |    -    |                                    |       |  |   |   |   |   |   |   |   |   |   |   |   |    |    |   |
|   phv308  |    -    |                                    |       |  |   |   |   |   |   |   |   |   |   |   |   |    |    |   |
|   phv309  |    -    |                                    |       |  |   |   |   |   |   |   |   |   |   |   |   |    |    |   |
|   phv310  |    -    |                                    |       |  |   |   |   |   |   |   |   |   |   |   |   |    |    |   |
|   phv311  |    -    |                                    |       |  |   |   |   |   |   |   |   |   |   |   |   |    |    |   |
|   phv312  |    -    |                                    |       |  |   |   |   |   |   |   |   |   |   |   |   |    |    |   |
|   phv313  |    -    |                                    |       |  |   |   |   |   |   |   |   |   |   |   |   |    |    |   |
|   phv314  |    -    |                                    |       |  |   |   |   |   |   |   |   |   |   |   |   |    |    |   |
|   phv315  |    -    |                                    |       |  |   |   |   |   |   |   |   |   |   |   |   |    |    |   |
|   phv316  |    -    |                                    |       |  |   |   |   |   |   |   |   |   |   |   |   |    |    |   |
|   phv317  |    -    |                                    |       |  |   |   |   |   |   |   |   |   |   |   |   |    |    |   |
|   phv318  |    -    |                                    |       |  |   |   |   |   |   |   |   |   |   |   |   |    |    |   |
|   phv319  |    -    |                                    |       |  |   |   |   |   |   |   |   |   |   |   |   |    |    |   |
|           |         |                                    |       |  |   |   |   |   |   |   |   |   |   |   |   |    |    |   |
|   phv320  | ingress |                                    |       |  |   |   |   |   |   |   |   |   |   |   |   |    |    |   |
|   [15:0]  | ingress |   hdr.ethernet.ether_type[15:0]    |  pkt  |  | W | ~ | ~ | ~ | ~ | ~ | ~ | ~ | ~ | ~ | ~ | ~  | ~  | R |
|   phv321  | ingress |                                    |       |  |   |   |   |   |   |   |   |   |   |   |   |    |    |   |
|   [15:0]  | ingress |    hdr.ethernet.dst_addr[47:32]    |  pkt  |  | W | ~ | ~ | ~ | ~ | ~ | ~ | ~ | ~ | ~ | ~ | ~  | ~  | R |
|   phv322  |    -    |                                    |       |  |   |   |   |   |   |   |   |   |   |   |   |    |    |   |
|   phv323  |    -    |                                    |       |  |   |   |   |   |   |   |   |   |   |   |   |    |    |   |
|   phv324  |    -    |                                    |       |  |   |   |   |   |   |   |   |   |   |   |   |    |    |   |
|   phv325  |    -    |                                    |       |  |   |   |   |   |   |   |   |   |   |   |   |    |    |   |
|   phv326  |    -    |                                    |       |  |   |   |   |   |   |   |   |   |   |   |   |    |    |   |
|   phv327  |    -    |                                    |       |  |   |   |   |   |   |   |   |   |   |   |   |    |    |   |
|   phv328  |    -    |                                    |       |  |   |   |   |   |   |   |   |   |   |   |   |    |    |   |
|   phv329  |    -    |                                    |       |  |   |   |   |   |   |   |   |   |   |   |   |    |    |   |
|   phv330  |    -    |                                    |       |  |   |   |   |   |   |   |   |   |   |   |   |    |    |   |
|   phv331  |    -    |                                    |       |  |   |   |   |   |   |   |   |   |   |   |   |    |    |   |
|   phv332  |    -    |                                    |       |  |   |   |   |   |   |   |   |   |   |   |   |    |    |   |
|   phv333  |    -    |                                    |       |  |   |   |   |   |   |   |   |   |   |   |   |    |    |   |
|   phv334  |    -    |                                    |       |  |   |   |   |   |   |   |   |   |   |   |   |    |    |   |
|   phv335  |    -    |                                    |       |  |   |   |   |   |   |   |   |   |   |   |   |    |    |   |
|   phv336  |    -    |                                    |       |  |   |   |   |   |   |   |   |   |   |   |   |    |    |   |
|   phv337  |    -    |                                    |       |  |   |   |   |   |   |   |   |   |   |   |   |    |    |   |
|   phv338  |    -    |                                    |       |  |   |   |   |   |   |   |   |   |   |   |   |    |    |   |
|   phv339  |    -    |                                    |       |  |   |   |   |   |   |   |   |   |   |   |   |    |    |   |
|   phv340  |    -    |                                    |       |  |   |   |   |   |   |   |   |   |   |   |   |    |    |   |
|   phv341  |    -    |                                    |       |  |   |   |   |   |   |   |   |   |   |   |   |    |    |   |
|   phv342  |    -    |                                    |       |  |   |   |   |   |   |   |   |   |   |   |   |    |    |   |
|   phv343  |    -    |                                    |       |  |   |   |   |   |   |   |   |   |   |   |   |    |    |   |
|   phv344  |    -    |                                    |       |  |   |   |   |   |   |   |   |   |   |   |   |    |    |   |
|   phv345  |    -    |                                    |       |  |   |   |   |   |   |   |   |   |   |   |   |    |    |   |
|   phv346  |    -    |                                    |       |  |   |   |   |   |   |   |   |   |   |   |   |    |    |   |
|   phv347  |    -    |                                    |       |  |   |   |   |   |   |   |   |   |   |   |   |    |    |   |
|   phv348  |    -    |                                    |       |  |   |   |   |   |   |   |   |   |   |   |   |    |    |   |
|   phv349  |    -    |                                    |       |  |   |   |   |   |   |   |   |   |   |   |   |    |    |   |
|   phv350  |    -    |                                    |       |  |   |   |   |   |   |   |   |   |   |   |   |    |    |   |
|   phv351  |    -    |                                    |       |  |   |   |   |   |   |   |   |   |   |   |   |    |    |   |
|   phv352  |    -    |                                    |       |  |   |   |   |   |   |   |   |   |   |   |   |    |    |   |
|   phv353  |    -    |                                    |       |  |   |   |   |   |   |   |   |   |   |   |   |    |    |   |
|   phv354  |    -    |                                    |       |  |   |   |   |   |   |   |   |   |   |   |   |    |    |   |
|   phv355  |    -    |                                    |       |  |   |   |   |   |   |   |   |   |   |   |   |    |    |   |
|   phv356  |    -    |                                    |       |  |   |   |   |   |   |   |   |   |   |   |   |    |    |   |
|   phv357  |    -    |                                    |       |  |   |   |   |   |   |   |   |   |   |   |   |    |    |   |
|   phv358  |    -    |                                    |       |  |   |   |   |   |   |   |   |   |   |   |   |    |    |   |
|   phv359  |    -    |                                    |       |  |   |   |   |   |   |   |   |   |   |   |   |    |    |   |
|   phv360  |    -    |                                    |       |  |   |   |   |   |   |   |   |   |   |   |   |    |    |   |
|   phv361  |    -    |                                    |       |  |   |   |   |   |   |   |   |   |   |   |   |    |    |   |
|   phv362  |    -    |                                    |       |  |   |   |   |   |   |   |   |   |   |   |   |    |    |   |
|   phv363  |    -    |                                    |       |  |   |   |   |   |   |   |   |   |   |   |   |    |    |   |
|   phv364  |    -    |                                    |       |  |   |   |   |   |   |   |   |   |   |   |   |    |    |   |
|   phv365  |    -    |                                    |       |  |   |   |   |   |   |   |   |   |   |   |   |    |    |   |
|   phv366  |    -    |                                    |       |  |   |   |   |   |   |   |   |   |   |   |   |    |    |   |
|   phv367  |    -    |                                    |       |  |   |   |   |   |   |   |   |   |   |   |   |    |    |   |
----------------------------------------------------------------------------------------------------------------------------------


Containers used: 10
Containers with data overlayed: 2  (20.00%)
Containers shared: 2  (20.00%)

------------------------
  Legend:
------------------------
   P:     Parsed
   D:     Deparsed
   OL:    Overlay
   SH:    Shared
   pkt:   Packet data
   meta:  Metadata
   imeta: Intrinsic Metadata
   pov:   Packet Occupancy Vector bit
   R:     Read
   W:     Write
   ~:     Field is live


---------------------------------------------------------------------------------------------------------------------------------------
| Direction | Location | Fields Live | Bits Live | Header Fields Live | Header Bits Live | Metadata Fields Live | Metadata Bits Live |
---------------------------------------------------------------------------------------------------------------------------------------
|  ingress  |  Parser  |  5 (50.00%) |    145    |    4 (100.00%)     |       144        |      1 (16.67%)      |         1          |
|  ingress  | Stage 0  |  7 (70.00%) |    149    |     3 (75.00%)     |       112        |      4 (66.67%)      |         37         |
|  ingress  | Stage 1  |  7 (70.00%) |    180    |     3 (75.00%)     |       112        |      4 (66.67%)      |         68         |
|  ingress  | Stage 2  |  5 (50.00%) |    116    |     3 (75.00%)     |       112        |      2 (33.33%)      |         4          |
|  ingress  | Stage 3  |  5 (50.00%) |    116    |     3 (75.00%)     |       112        |      2 (33.33%)      |         4          |
|  ingress  | Stage 4  |  5 (50.00%) |    116    |     3 (75.00%)     |       112        |      2 (33.33%)      |         4          |
|  ingress  | Stage 5  |  5 (50.00%) |    116    |     3 (75.00%)     |       112        |      2 (33.33%)      |         4          |
|  ingress  | Stage 6  |  5 (50.00%) |    116    |     3 (75.00%)     |       112        |      2 (33.33%)      |         4          |
|  ingress  | Stage 7  |  5 (50.00%) |    116    |     3 (75.00%)     |       112        |      2 (33.33%)      |         4          |
|  ingress  | Stage 8  |  5 (50.00%) |    116    |     3 (75.00%)     |       112        |      2 (33.33%)      |         4          |
|  ingress  | Stage 9  |  5 (50.00%) |    116    |     3 (75.00%)     |       112        |      2 (33.33%)      |         4          |
|  ingress  | Stage 10 |  5 (50.00%) |    116    |     3 (75.00%)     |       112        |      2 (33.33%)      |         4          |
|  ingress  | Stage 11 |  5 (50.00%) |    116    |     3 (75.00%)     |       112        |      2 (33.33%)      |         4          |
|  ingress  | Deparser |  5 (50.00%) |    116    |     3 (75.00%)     |       112        |      2 (33.33%)      |         4          |
|           |          |             |           |                    |                  |                      |                    |
|   egress  |  Parser  |  0 (0.00%)  |     0     |     0 (0.00%)      |        0         |      0 (0.00%)       |         0          |
|   egress  | Stage 0  |  0 (0.00%)  |     0     |     0 (0.00%)      |        0         |      0 (0.00%)       |         0          |
|   egress  | Stage 1  |  0 (0.00%)  |     0     |     0 (0.00%)      |        0         |      0 (0.00%)       |         0          |
|   egress  | Stage 2  |  0 (0.00%)  |     0     |     0 (0.00%)      |        0         |      0 (0.00%)       |         0          |
|   egress  | Stage 3  |  0 (0.00%)  |     0     |     0 (0.00%)      |        0         |      0 (0.00%)       |         0          |
|   egress  | Stage 4  |  0 (0.00%)  |     0     |     0 (0.00%)      |        0         |      0 (0.00%)       |         0          |
|   egress  | Stage 5  |  0 (0.00%)  |     0     |     0 (0.00%)      |        0         |      0 (0.00%)       |         0          |
|   egress  | Stage 6  |  0 (0.00%)  |     0     |     0 (0.00%)      |        0         |      0 (0.00%)       |         0          |
|   egress  | Stage 7  |  0 (0.00%)  |     0     |     0 (0.00%)      |        0         |      0 (0.00%)       |         0          |
|   egress  | Stage 8  |  0 (0.00%)  |     0     |     0 (0.00%)      |        0         |      0 (0.00%)       |         0          |
|   egress  | Stage 9  |  0 (0.00%)  |     0     |     0 (0.00%)      |        0         |      0 (0.00%)       |         0          |
|   egress  | Stage 10 |  0 (0.00%)  |     0     |     0 (0.00%)      |        0         |      0 (0.00%)       |         0          |
|   egress  | Stage 11 |  0 (0.00%)  |     0     |     0 (0.00%)      |        0         |      0 (0.00%)       |         0          |
|   egress  | Deparser |  0 (0.00%)  |     0     |     0 (0.00%)      |        0         |      0 (0.00%)       |         0          |
---------------------------------------------------------------------------------------------------------------------------------------




------------------------------------------------------------------------------------------------------------------------------------------------------------------------------------------------------------------------------
| Direction | Container |    Parser   |   Stage 0   |   Stage 1   |   Stage 2   |   Stage 3   |   Stage 4   |   Stage 5   |   Stage 6   |   Stage 7   |   Stage 8   |   Stage 9   |   Stage 10  |   Stage 11  |   Deparser  |
------------------------------------------------------------------------------------------------------------------------------------------------------------------------------------------------------------------------------
|  ingress  |    phv0   | 1 (32 bits) | 1 (32 bits) | 1 (32 bits) | 1 (32 bits) | 1 (32 bits) | 1 (32 bits) | 1 (32 bits) | 1 (32 bits) | 1 (32 bits) | 1 (32 bits) | 1 (32 bits) | 1 (32 bits) | 1 (32 bits) | 1 (32 bits) |
|  ingress  |    phv1   | 1 (32 bits) |      -      |      -      |      -      |      -      |      -      |      -      |      -      |      -      |      -      |      -      |      -      |      -      |      -      |
|  ingress  |    phv2   |      -      | 1 (32 bits) | 1 (32 bits) |      -      |      -      |      -      |      -      |      -      |      -      |      -      |      -      |      -      |      -      |      -      |
|  ingress  |    phv3   |      -      |  1 (1 bits) | 1 (32 bits) |      -      |      -      |      -      |      -      |      -      |      -      |      -      |      -      |      -      |      -      |      -      |
|           |           |             |             |             |             |             |             |             |             |             |             |             |             |             |             |
|  ingress  |   phv64   |      -      |  1 (3 bits) |  1 (3 bits) |  1 (3 bits) |  1 (3 bits) |  1 (3 bits) |  1 (3 bits) |  1 (3 bits) |  1 (3 bits) |  1 (3 bits) |  1 (3 bits) |  1 (3 bits) |  1 (3 bits) |  1 (3 bits) |
|  ingress  |   phv65   |  1 (1 bits) |  1 (1 bits) |  1 (1 bits) |  1 (1 bits) |  1 (1 bits) |  1 (1 bits) |  1 (1 bits) |  1 (1 bits) |  1 (1 bits) |  1 (1 bits) |  1 (1 bits) |  1 (1 bits) |  1 (1 bits) |  1 (1 bits) |
|           |           |             |             |             |             |             |             |             |             |             |             |             |             |             |             |
|  ingress  |   phv128  | 1 (16 bits) | 1 (16 bits) | 1 (16 bits) | 1 (16 bits) | 1 (16 bits) | 1 (16 bits) | 1 (16 bits) | 1 (16 bits) | 1 (16 bits) | 1 (16 bits) | 1 (16 bits) | 1 (16 bits) | 1 (16 bits) | 1 (16 bits) |
|           |           |             |             |             |             |             |             |             |             |             |             |             |             |             |             |
|  ingress  |   phv256  | 1 (32 bits) | 1 (32 bits) | 1 (32 bits) | 1 (32 bits) | 1 (32 bits) | 1 (32 bits) | 1 (32 bits) | 1 (32 bits) | 1 (32 bits) | 1 (32 bits) | 1 (32 bits) | 1 (32 bits) | 1 (32 bits) | 1 (32 bits) |
|           |           |             |             |             |             |             |             |             |             |             |             |             |             |             |             |
|  ingress  |   phv320  | 1 (16 bits) | 1 (16 bits) | 1 (16 bits) | 1 (16 bits) | 1 (16 bits) | 1 (16 bits) | 1 (16 bits) | 1 (16 bits) | 1 (16 bits) | 1 (16 bits) | 1 (16 bits) | 1 (16 bits) | 1 (16 bits) | 1 (16 bits) |
|  ingress  |   phv321  | 1 (16 bits) | 1 (16 bits) | 1 (16 bits) | 1 (16 bits) | 1 (16 bits) | 1 (16 bits) | 1 (16 bits) | 1 (16 bits) | 1 (16 bits) | 1 (16 bits) | 1 (16 bits) | 1 (16 bits) | 1 (16 bits) | 1 (16 bits) |
------------------------------------------------------------------------------------------------------------------------------------------------------------------------------------------------------------------------------

