FindDependencyGraph : After Instruction Selection
ingress: [1894759]
  dmac_0
    drop: [1894895] 0 00 000
      Enqueue_first_table
        stateful first    1
      Enqueue_inc_tail_table
        stateful tail    1
      Enqueue_inc_size_table
        stateful buffer_size    1
      Enqueue_enqueue_table
        stateful ring_buffer   16
    NoAction: [1895165] 0
      Dequeue_dec_size_table
        stateful buffer_size    1
      cond-2(ingress::Dequeue_size_tmp == 0; => $false, 1 => $true)
        $true: [1895239] 0
          Dequeue_inc_head_table
            stateful head    1
          Dequeue_dequeue_table
            stateful ring_buffer   16
egress: [1898036]

DepStagesThruDomFrontier postorder : Enqueue_first_table
DepStagesThruDomFrontier postorder : Enqueue_inc_tail_table
DepStagesThruDomFrontier postorder : Enqueue_inc_size_table
DepStagesThruDomFrontier postorder : Enqueue_enqueue_table
DepStagesThruDomFrontier postorder : Dequeue_dec_size_table
DepStagesThruDomFrontier postorder : Dequeue_inc_head_table
DepStagesThruDomFrontier postorder : Dequeue_dequeue_table
DepStagesThruDomFrontier postorder : cond-2
DepStagesThruDomFrontier postorder : dmac_0
    Maximum stage number according to dependences: 
      INGRESS: 2
      EGRESS: -1
GRAPH
    dmac_0 -- CONTROL_ACTION --> Enqueue_first_table
    dmac_0 -- CONTROL_ACTION --> Enqueue_inc_tail_table
    dmac_0 -- CONTROL_ACTION --> Enqueue_inc_size_table
    dmac_0 -- CONTROL_ACTION --> Enqueue_enqueue_table
    dmac_0 -- CONTROL_ACTION --> Dequeue_dec_size_table
    dmac_0 -- CONTROL_ACTION --> cond-2
    cond-2 -- CONTROL_COND_TRUE --> Dequeue_inc_head_table
    cond-2 -- CONTROL_COND_TRUE --> Dequeue_dequeue_table
    Enqueue_first_table -- IXBAR_READ --> Enqueue_inc_tail_table
    Enqueue_inc_tail_table -- IXBAR_READ --> Enqueue_enqueue_table
    Dequeue_dec_size_table -- ACTION_READ --> cond-2
    Dequeue_inc_head_table -- IXBAR_READ --> Dequeue_dequeue_table
    Enqueue_inc_tail_table -- ANTI_NEXT_TABLE_DATA --> Enqueue_enqueue_table
    Enqueue_first_table -- ANTI_NEXT_TABLE_DATA --> Enqueue_inc_tail_table
    Dequeue_dec_size_table -- ANTI_NEXT_TABLE_DATA --> cond-2
    Dequeue_inc_head_table -- ANTI_NEXT_TABLE_DATA --> Dequeue_dequeue_table
MIN STAGE INFO
    Each table also indicates its dependency chain length
    First number refers to a dependency chain from which each tables are not split
    Second number refers to a dependency chain from which each tables are split as on  last allocation pass
 Stage #0
     dmac_0 2 2
     Enqueue_first_table 2 2
	- Edge CONTROL_ACTION dmac_0
     Enqueue_inc_size_table 0 0
	- Edge CONTROL_ACTION dmac_0
     Dequeue_dec_size_table 2 2
	- Edge CONTROL_ACTION dmac_0
 Stage #1
     Enqueue_inc_tail_table 1 1
	- Edge IXBAR_READ Enqueue_first_table
     cond-2 1 1
	- Edge ACTION_READ Dequeue_dec_size_table
     Dequeue_inc_head_table 1 1
	- Edge CONTROL_COND_TRUE cond-2
 Stage #2
     Enqueue_enqueue_table 0 0
	- Edge IXBAR_READ Enqueue_inc_tail_table
     Dequeue_dequeue_table 0 0
	- Edge IXBAR_READ Dequeue_inc_head_table

FindDependencyGraph : Just Before PHV allocation
ingress: [1894759]
  dmac_0
    drop: [1894895] 0 00 000
      Enqueue_first_table
        stateful first    1
      Enqueue_inc_tail_table
        stateful tail    1
      Enqueue_inc_size_table
        stateful buffer_size    1
      Enqueue_enqueue_table
        stateful ring_buffer   16
    NoAction: [1895165] 0
      Dequeue_dec_size_table
        stateful buffer_size    1
      cond-2(ingress::Dequeue_size_tmp == 0; => $false, 1 => $true)
        $true: [1895239] 0
          Dequeue_inc_head_table
            stateful head    1
          Dequeue_dequeue_table
            stateful ring_buffer   16
egress: [1898036]

DepStagesThruDomFrontier postorder : Enqueue_first_table
DepStagesThruDomFrontier postorder : Enqueue_inc_tail_table
DepStagesThruDomFrontier postorder : Enqueue_inc_size_table
DepStagesThruDomFrontier postorder : Enqueue_enqueue_table
DepStagesThruDomFrontier postorder : Dequeue_dec_size_table
DepStagesThruDomFrontier postorder : Dequeue_inc_head_table
DepStagesThruDomFrontier postorder : Dequeue_dequeue_table
DepStagesThruDomFrontier postorder : cond-2
DepStagesThruDomFrontier postorder : dmac_0
    Maximum stage number according to dependences: 
      INGRESS: 2
      EGRESS: -1
GRAPH
    dmac_0 -- CONTROL_ACTION --> Enqueue_first_table
    dmac_0 -- CONTROL_ACTION --> Enqueue_inc_tail_table
    dmac_0 -- CONTROL_ACTION --> Enqueue_inc_size_table
    dmac_0 -- CONTROL_ACTION --> Enqueue_enqueue_table
    dmac_0 -- CONTROL_ACTION --> Dequeue_dec_size_table
    dmac_0 -- CONTROL_ACTION --> cond-2
    cond-2 -- CONTROL_COND_TRUE --> Dequeue_inc_head_table
    cond-2 -- CONTROL_COND_TRUE --> Dequeue_dequeue_table
    Enqueue_first_table -- IXBAR_READ --> Enqueue_inc_tail_table
    Enqueue_inc_tail_table -- IXBAR_READ --> Enqueue_enqueue_table
    Dequeue_dec_size_table -- ACTION_READ --> cond-2
    Dequeue_inc_head_table -- IXBAR_READ --> Dequeue_dequeue_table
    Enqueue_inc_tail_table -- ANTI_NEXT_TABLE_DATA --> Enqueue_enqueue_table
    Enqueue_first_table -- ANTI_NEXT_TABLE_DATA --> Enqueue_inc_tail_table
    Dequeue_dec_size_table -- ANTI_NEXT_TABLE_DATA --> cond-2
    Dequeue_inc_head_table -- ANTI_NEXT_TABLE_DATA --> Dequeue_dequeue_table
MIN STAGE INFO
    Each table also indicates its dependency chain length
    First number refers to a dependency chain from which each tables are not split
    Second number refers to a dependency chain from which each tables are split as on  last allocation pass
 Stage #0
     dmac_0 2 2
     Enqueue_first_table 2 2
	- Edge CONTROL_ACTION dmac_0
     Enqueue_inc_size_table 0 0
	- Edge CONTROL_ACTION dmac_0
     Dequeue_dec_size_table 2 2
	- Edge CONTROL_ACTION dmac_0
 Stage #1
     Enqueue_inc_tail_table 1 1
	- Edge IXBAR_READ Enqueue_first_table
     cond-2 1 1
	- Edge ACTION_READ Dequeue_dec_size_table
     Dequeue_inc_head_table 1 1
	- Edge CONTROL_COND_TRUE cond-2
 Stage #2
     Enqueue_enqueue_table 0 0
	- Edge IXBAR_READ Enqueue_inc_tail_table
     Dequeue_dequeue_table 0 0
	- Edge IXBAR_READ Dequeue_inc_head_table

ingress: [1894759]
  dmac_0{ E 38+1, 0 0K }
    drop: [1894895] 1 00 110
      Enqueue_first_table
        stateful first    1
      Enqueue_inc_tail_table
        stateful tail    1
      Enqueue_inc_size_table
        stateful buffer_size    1
      Enqueue_enqueue_table
        stateful ring_buffer   16
    NoAction: [1895165] 1
      Dequeue_dec_size_table
        stateful buffer_size    1
      cond-2(ingress::Dequeue_size_tmp == 0; => $false, 1 => $true)
        $true: [1895239] 1
          Dequeue_inc_head_table
            stateful head    1
          Dequeue_dequeue_table
            stateful ring_buffer   16
egress: [1898036]

DepStagesThruDomFrontier postorder : Enqueue_first_table
DepStagesThruDomFrontier postorder : Enqueue_inc_tail_table
DepStagesThruDomFrontier postorder : Enqueue_inc_size_table
DepStagesThruDomFrontier postorder : Enqueue_enqueue_table
DepStagesThruDomFrontier postorder : Dequeue_dec_size_table
DepStagesThruDomFrontier postorder : Dequeue_inc_head_table
DepStagesThruDomFrontier postorder : Dequeue_dequeue_table
DepStagesThruDomFrontier postorder : cond-2
DepStagesThruDomFrontier postorder : dmac_0
    Maximum stage number according to dependences: 
      INGRESS: 2
      EGRESS: -1
GRAPH
    dmac_0 -- CONTROL_ACTION --> Enqueue_first_table
    dmac_0 -- CONTROL_ACTION --> Enqueue_inc_tail_table
    dmac_0 -- CONTROL_ACTION --> Enqueue_inc_size_table
    dmac_0 -- CONTROL_ACTION --> Enqueue_enqueue_table
    dmac_0 -- CONTROL_ACTION --> Dequeue_dec_size_table
    dmac_0 -- CONTROL_ACTION --> cond-2
    cond-2 -- CONTROL_COND_TRUE --> Dequeue_inc_head_table
    cond-2 -- CONTROL_COND_TRUE --> Dequeue_dequeue_table
    Enqueue_first_table -- IXBAR_READ --> Enqueue_inc_tail_table
    Enqueue_inc_tail_table -- IXBAR_READ --> Enqueue_enqueue_table
    Dequeue_dec_size_table -- ACTION_READ --> cond-2
    Dequeue_inc_head_table -- IXBAR_READ --> Dequeue_dequeue_table
    Enqueue_inc_tail_table -- ANTI_NEXT_TABLE_DATA --> Enqueue_enqueue_table
    Enqueue_first_table -- ANTI_NEXT_TABLE_DATA --> Enqueue_inc_tail_table
    Dequeue_dec_size_table -- ANTI_NEXT_TABLE_DATA --> cond-2
    Dequeue_inc_head_table -- ANTI_NEXT_TABLE_DATA --> Dequeue_dequeue_table
MIN STAGE INFO
    Each table also indicates its dependency chain length
    First number refers to a dependency chain from which each tables are not split
    Second number refers to a dependency chain from which each tables are split as on  last allocation pass
 Stage #0
     dmac_0 2 2
     Enqueue_first_table 2 2
	- Edge CONTROL_ACTION dmac_0
     Enqueue_inc_size_table 0 0
	- Edge CONTROL_ACTION dmac_0
     Dequeue_dec_size_table 2 2
	- Edge CONTROL_ACTION dmac_0
 Stage #1
     Enqueue_inc_tail_table 1 1
	- Edge IXBAR_READ Enqueue_first_table
     cond-2 1 1
	- Edge ACTION_READ Dequeue_dec_size_table
     Dequeue_inc_head_table 1 1
	- Edge CONTROL_COND_TRUE cond-2
 Stage #2
     Enqueue_enqueue_table 0 0
	- Edge IXBAR_READ Enqueue_inc_tail_table
     Dequeue_dequeue_table 0 0
	- Edge IXBAR_READ Dequeue_inc_head_table

FindDependencyGraph : Before Table Placement
ingress: [1894759]
  dmac_0{ E 38+1, 0 0K }
    drop: [1894895] 1 00 110
      Enqueue_first_table
        stateful first    1
      Enqueue_inc_tail_table
        stateful tail    1
      Enqueue_inc_size_table
        stateful buffer_size    1
      Enqueue_enqueue_table
        stateful ring_buffer   16
    NoAction: [1895165] 1
      Dequeue_dec_size_table
        stateful buffer_size    1
      cond-2(ingress::Dequeue_size_tmp == 0; => $false, 1 => $true)
        $true: [1895239] 1
          Dequeue_inc_head_table
            stateful head    1
          Dequeue_dequeue_table
            stateful ring_buffer   16
egress: [1898036]

DepStagesThruDomFrontier postorder : Enqueue_first_table
DepStagesThruDomFrontier postorder : Enqueue_inc_tail_table
DepStagesThruDomFrontier postorder : Enqueue_inc_size_table
DepStagesThruDomFrontier postorder : Enqueue_enqueue_table
DepStagesThruDomFrontier postorder : Dequeue_dec_size_table
DepStagesThruDomFrontier postorder : Dequeue_inc_head_table
DepStagesThruDomFrontier postorder : Dequeue_dequeue_table
DepStagesThruDomFrontier postorder : cond-2
DepStagesThruDomFrontier postorder : dmac_0
    Maximum stage number according to dependences: 
      INGRESS: 2
      EGRESS: -1
GRAPH
    dmac_0 -- CONTROL_ACTION --> Enqueue_first_table
    dmac_0 -- CONTROL_ACTION --> Enqueue_inc_tail_table
    dmac_0 -- CONTROL_ACTION --> Enqueue_inc_size_table
    dmac_0 -- CONTROL_ACTION --> Enqueue_enqueue_table
    dmac_0 -- CONTROL_ACTION --> Dequeue_dec_size_table
    dmac_0 -- CONTROL_ACTION --> cond-2
    cond-2 -- CONTROL_COND_TRUE --> Dequeue_inc_head_table
    cond-2 -- CONTROL_COND_TRUE --> Dequeue_dequeue_table
    Enqueue_first_table -- IXBAR_READ --> Enqueue_inc_tail_table
    Enqueue_inc_tail_table -- IXBAR_READ --> Enqueue_enqueue_table
    Dequeue_dec_size_table -- ACTION_READ --> cond-2
    Dequeue_inc_head_table -- IXBAR_READ --> Dequeue_dequeue_table
    Enqueue_inc_tail_table -- ANTI_NEXT_TABLE_DATA --> Enqueue_enqueue_table
    Enqueue_first_table -- ANTI_NEXT_TABLE_DATA --> Enqueue_inc_tail_table
    Dequeue_dec_size_table -- ANTI_NEXT_TABLE_DATA --> cond-2
    Dequeue_inc_head_table -- ANTI_NEXT_TABLE_DATA --> Dequeue_dequeue_table
MIN STAGE INFO
    Each table also indicates its dependency chain length
    First number refers to a dependency chain from which each tables are not split
    Second number refers to a dependency chain from which each tables are split as on  last allocation pass
 Stage #0
     dmac_0 2 2
     Enqueue_first_table 2 2
	- Edge CONTROL_ACTION dmac_0
     Enqueue_inc_size_table 0 0
	- Edge CONTROL_ACTION dmac_0
     Dequeue_dec_size_table 2 2
	- Edge CONTROL_ACTION dmac_0
 Stage #1
     Enqueue_inc_tail_table 1 1
	- Edge IXBAR_READ Enqueue_first_table
     cond-2 1 1
	- Edge ACTION_READ Dequeue_dec_size_table
     Dequeue_inc_head_table 1 1
	- Edge CONTROL_COND_TRUE cond-2
 Stage #2
     Enqueue_enqueue_table 0 0
	- Edge IXBAR_READ Enqueue_inc_tail_table
     Dequeue_dequeue_table 0 0
	- Edge IXBAR_READ Dequeue_inc_head_table

FindDependencyGraph : After Table Placement
ingress: [1894759]
  0: dmac_0{ E 38+1, 0 [1x1 1K 1K 1K 1K] }
    drop: [1894895] 0 10 101
      1: Enqueue_first_table{ E 0+10, 0 0K }
        stateful first 1   
      3: Enqueue_inc_size_table{ E 0+10, 0 0K }
        stateful buffer_size 1   
      10: Enqueue_inc_tail_table{ E 0+10, 0 0K }
        stateful tail 1   
      21: Enqueue_enqueue_table{ E 0+10, 0 0K }
        stateful ring_buffer 16  
    NoAction: [1895165] 1
      2: Dequeue_dec_size_table{ E 0+10, 0 0K }
        stateful buffer_size 1   
      11: Dequeue_inc_head_table(ingress::Dequeue_size_tmp == 0; => $false, 1){ GE 0+10, 0 0K }
        stateful head 1   
        $default: [1895239]
          20: Dequeue_dequeue_table{ E 0+10, 0 0K }
            stateful ring_buffer 16  
        $false: [1952723]
egress: [1898036]

DepStagesThruDomFrontier postorder : Enqueue_first_table
DepStagesThruDomFrontier postorder : Enqueue_inc_size_table
DepStagesThruDomFrontier postorder : Enqueue_inc_tail_table
DepStagesThruDomFrontier postorder : Enqueue_enqueue_table
DepStagesThruDomFrontier postorder : Dequeue_dec_size_table
DepStagesThruDomFrontier postorder : Dequeue_dequeue_table
DepStagesThruDomFrontier postorder : Dequeue_inc_head_table
DepStagesThruDomFrontier postorder : dmac_0
    Maximum stage number according to dependences: 
      INGRESS: 2
      EGRESS: -1
GRAPH
    dmac_0 -- CONTROL_ACTION --> Enqueue_first_table
    dmac_0 -- CONTROL_ACTION --> Enqueue_inc_size_table
    dmac_0 -- CONTROL_ACTION --> Enqueue_inc_tail_table
    dmac_0 -- CONTROL_ACTION --> Enqueue_enqueue_table
    dmac_0 -- CONTROL_ACTION --> Dequeue_dec_size_table
    dmac_0 -- CONTROL_ACTION --> Dequeue_inc_head_table
    Dequeue_inc_head_table -- CONTROL_DEFAULT_NEXT_TABLE --> Dequeue_dequeue_table
    Enqueue_first_table -- IXBAR_READ --> Enqueue_inc_tail_table
    Enqueue_inc_tail_table -- IXBAR_READ --> Enqueue_enqueue_table
    Dequeue_dec_size_table -- ACTION_READ --> Dequeue_inc_head_table
    Dequeue_inc_head_table -- IXBAR_READ --> Dequeue_dequeue_table
    Enqueue_inc_tail_table -- ANTI_NEXT_TABLE_DATA --> Enqueue_enqueue_table
    Enqueue_first_table -- ANTI_NEXT_TABLE_DATA --> Enqueue_inc_tail_table
    Dequeue_dec_size_table -- ANTI_NEXT_TABLE_DATA --> Dequeue_inc_head_table
MIN STAGE INFO
    Each table also indicates its dependency chain length
    First number refers to a dependency chain from which each tables are not split
    Second number refers to a dependency chain from which each tables are split as on  last allocation pass
 Stage #0
     dmac_0 2 2
     Enqueue_first_table 2 2
	- Edge CONTROL_ACTION dmac_0
     Enqueue_inc_size_table 0 0
	- Edge CONTROL_ACTION dmac_0
     Dequeue_dec_size_table 2 2
	- Edge CONTROL_ACTION dmac_0
 Stage #1
     Enqueue_inc_tail_table 1 1
	- Edge IXBAR_READ Enqueue_first_table
     Dequeue_inc_head_table 1 1
	- Edge ACTION_READ Dequeue_dec_size_table
 Stage #2
     Enqueue_enqueue_table 0 0
	- Edge IXBAR_READ Enqueue_inc_tail_table
     Dequeue_dequeue_table 0 0
	- Edge IXBAR_READ Dequeue_inc_head_table

FindDependencyGraph : Power Calculation
ingress: [1894759]
  0: dmac_0{ E 38+1, 0 [1x1 1K 1K 1K 1K] }
    drop: [1894895] 0 10 101
      1: Enqueue_first_table{ E 0+10, 0 0K }
        stateful first 1   
      3: Enqueue_inc_size_table{ E 0+10, 0 0K }
        stateful buffer_size 1   
      10: Enqueue_inc_tail_table{ E 0+10, 0 0K }
        stateful tail 1   
      21: Enqueue_enqueue_table{ E 0+10, 0 0K }
        stateful ring_buffer 16  
    NoAction: [1895165] 1
      2: Dequeue_dec_size_table{ E 0+10, 0 0K }
        stateful buffer_size 1   
      11: Dequeue_inc_head_table(ingress::Dequeue_size_tmp == 0; => $false, 1){ GE 0+10, 0 0K }
        stateful head 1   
        $default: [1895239]
          20: Dequeue_dequeue_table{ E 0+10, 0 0K }
            stateful ring_buffer 16  
        $false: [1952723]
egress: [1898036]

DepStagesThruDomFrontier postorder : Enqueue_first_table
DepStagesThruDomFrontier postorder : Enqueue_inc_size_table
DepStagesThruDomFrontier postorder : Enqueue_inc_tail_table
DepStagesThruDomFrontier postorder : Enqueue_enqueue_table
DepStagesThruDomFrontier postorder : Dequeue_dec_size_table
DepStagesThruDomFrontier postorder : Dequeue_dequeue_table
DepStagesThruDomFrontier postorder : Dequeue_inc_head_table
DepStagesThruDomFrontier postorder : dmac_0
    Maximum stage number according to dependences: 
      INGRESS: 2
      EGRESS: -1
GRAPH
    dmac_0 -- CONTROL_ACTION --> Enqueue_first_table
    dmac_0 -- CONTROL_ACTION --> Enqueue_inc_size_table
    dmac_0 -- CONTROL_ACTION --> Enqueue_inc_tail_table
    dmac_0 -- CONTROL_ACTION --> Enqueue_enqueue_table
    dmac_0 -- CONTROL_ACTION --> Dequeue_dec_size_table
    dmac_0 -- CONTROL_ACTION --> Dequeue_inc_head_table
    Dequeue_inc_head_table -- CONTROL_DEFAULT_NEXT_TABLE --> Dequeue_dequeue_table
    Enqueue_first_table -- IXBAR_READ --> Enqueue_inc_tail_table
    Enqueue_inc_tail_table -- IXBAR_READ --> Enqueue_enqueue_table
    Dequeue_dec_size_table -- ACTION_READ --> Dequeue_inc_head_table
    Dequeue_inc_head_table -- IXBAR_READ --> Dequeue_dequeue_table
    Enqueue_inc_tail_table -- ANTI_NEXT_TABLE_DATA --> Enqueue_enqueue_table
    Enqueue_first_table -- ANTI_NEXT_TABLE_DATA --> Enqueue_inc_tail_table
    Dequeue_dec_size_table -- ANTI_NEXT_TABLE_DATA --> Dequeue_inc_head_table
MIN STAGE INFO
    Each table also indicates its dependency chain length
    First number refers to a dependency chain from which each tables are not split
    Second number refers to a dependency chain from which each tables are split as on  last allocation pass
 Stage #0
     dmac_0 2 2
     Enqueue_first_table 2 2
	- Edge CONTROL_ACTION dmac_0
     Enqueue_inc_size_table 0 0
	- Edge CONTROL_ACTION dmac_0
     Dequeue_dec_size_table 2 2
	- Edge CONTROL_ACTION dmac_0
 Stage #1
     Enqueue_inc_tail_table 1 1
	- Edge IXBAR_READ Enqueue_first_table
     Dequeue_inc_head_table 1 1
	- Edge ACTION_READ Dequeue_dec_size_table
 Stage #2
     Enqueue_enqueue_table 0 0
	- Edge IXBAR_READ Enqueue_inc_tail_table
     Dequeue_dequeue_table 0 0
	- Edge IXBAR_READ Dequeue_inc_head_table

