Allocation history of config default_alloc_config
1: TRYING to allocate SUPERCLUSTER Uid: 669
    slice lists:	
        [ ingress::hdr.ethernet.src_addr<48> ^0 ^bit[0..159] deparsed exact_containers [0:31] ]
    rotational clusters:	
        [[ingress::hdr.ethernet.src_addr<48> ^0 ^bit[0..159] deparsed exact_containers [0:31]]]
Successfully Allocated
By slicing into the following superclusters:
SUPERCLUSTER Uid: 704
    slice lists:	
        [ ingress::hdr.ethernet.src_addr<48> ^0 ^bit[0..159] deparsed exact_containers [0:31] ]
    rotational clusters:	
        [[ingress::hdr.ethernet.src_addr<48> ^0 ^bit[0..159] deparsed exact_containers [0:31]]]

Best Score: {n_inc_tphv_collections: 1, T[n_set_gress: 1, n_set_parser_group_gress: 1, n_set_deparser_group_gress: 1, n_inc_containers: 1, ], }
Allocation Decisions:
allocate: TW0[0:31] <- ingress::hdr.ethernet.src_addr<48> ^0 ^bit[0..159] deparsed exact_containers [0:31] @[-1r,3w]
2: TRYING to allocate SUPERCLUSTER Uid: 676
    slice lists:	
        [ ingress::hdr.ethernet.dst_addr<48> ^0 ^bit[0..111] deparsed exact_containers [0:31] ]
    rotational clusters:	
        [[ingress::hdr.ethernet.dst_addr<48> ^0 ^bit[0..111] deparsed exact_containers [0:31]]]
Successfully Allocated
By slicing into the following superclusters:
SUPERCLUSTER Uid: 747
    slice lists:	
        [ ingress::hdr.ethernet.dst_addr<48> ^0 ^bit[0..111] deparsed exact_containers [0:31] ]
    rotational clusters:	
        [[ingress::hdr.ethernet.dst_addr<48> ^0 ^bit[0..111] deparsed exact_containers [0:31]]]

Best Score: {T[n_set_parser_group_gress: 1, n_inc_containers: 1, ], }
Allocation Decisions:
allocate: TW1[0:31] <- ingress::hdr.ethernet.dst_addr<48> ^0 ^bit[0..111] deparsed exact_containers [0:31] @[-1r,3w]
3: TRYING to allocate SUPERCLUSTER Uid: 663
    slice lists:	
        [ ingress::hdr.ethernet.ether_type<16> ^0 ^bit[0..175] deparsed exact_containers [0:15] ]
    rotational clusters:	
        [[ingress::hdr.ethernet.ether_type<16> ^0 ^bit[0..175] deparsed exact_containers [0:15]]]
Successfully Allocated
By slicing into the following superclusters:
SUPERCLUSTER Uid: 790
    slice lists:	
        [ ingress::hdr.ethernet.ether_type<16> ^0 ^bit[0..175] deparsed exact_containers [0:15] ]
    rotational clusters:	
        [[ingress::hdr.ethernet.ether_type<16> ^0 ^bit[0..175] deparsed exact_containers [0:15]]]

Best Score: {T[n_set_parser_group_gress: 1, n_inc_containers: 1, ], }
Allocation Decisions:
allocate: TH0[0:15] <- ingress::hdr.ethernet.ether_type<16> ^0 ^bit[0..175] deparsed exact_containers [0:15] @[-1r,3w]
4: TRYING to allocate SUPERCLUSTER Uid: 670
    slice lists:	
        [ ingress::hdr.ethernet.src_addr<48> ^0 ^bit[0..127] deparsed exact_containers [32:47] ]
    rotational clusters:	
        [[ingress::hdr.ethernet.src_addr<48> ^0 ^bit[0..127] deparsed exact_containers [32:47]]]
Successfully Allocated
By slicing into the following superclusters:
SUPERCLUSTER Uid: 801
    slice lists:	
        [ ingress::hdr.ethernet.src_addr<48> ^0 ^bit[0..127] deparsed exact_containers [32:47] ]
    rotational clusters:	
        [[ingress::hdr.ethernet.src_addr<48> ^0 ^bit[0..127] deparsed exact_containers [32:47]]]

Best Score: {T[n_set_parser_group_gress: 1, n_inc_containers: 1, ], }
Allocation Decisions:
allocate: TH1[0:15] <- ingress::hdr.ethernet.src_addr<48> ^0 ^bit[0..127] deparsed exact_containers [32:47] @[-1r,3w]
5: TRYING to allocate SUPERCLUSTER Uid: 678
    slice lists:	
        [ ingress::hdr.ethernet.dst_addr<48> ^0 ^bit[0..79] deparsed exact_containers [32:47] ]
    rotational clusters:	
        [[ingress::hdr.ethernet.dst_addr<48> ^0 ^bit[0..79] deparsed exact_containers [32:47]]]
Successfully Allocated
By slicing into the following superclusters:
SUPERCLUSTER Uid: 812
    slice lists:	
        [ ingress::hdr.ethernet.dst_addr<48> ^0 ^bit[0..79] deparsed exact_containers [32:47] ]
    rotational clusters:	
        [[ingress::hdr.ethernet.dst_addr<48> ^0 ^bit[0..79] deparsed exact_containers [32:47]]]

Best Score: {T[n_set_parser_group_gress: 1, n_inc_containers: 1, ], }
Allocation Decisions:
allocate: TH2[0:15] <- ingress::hdr.ethernet.dst_addr<48> ^0 ^bit[0..79] deparsed exact_containers [32:47] @[-1r,3w]
6: TRYING to allocate SUPERCLUSTER Uid: 699
    slice lists:	
        [ ingress::hdr.ethernet.$valid<1> pov [0:0] ]
    rotational clusters:	
        [[ingress::hdr.ethernet.$valid<1> pov [0:0]]]
Successfully Allocated
By slicing into the following superclusters:
SUPERCLUSTER Uid: 822
    slice lists:	
        [ ingress::hdr.ethernet.$valid<1> pov [0:0] ]
    rotational clusters:	
        [[ingress::hdr.ethernet.$valid<1> pov [0:0]]]

Best Score: {[n_inc_containers: 1, n_inc_small_containers: 1, ], }
Allocation Decisions:
allocate: B0[0:0] <- ingress::hdr.ethernet.$valid<1> pov [0:0] @[-1r,3w]
7: TRYING to allocate SUPERCLUSTER Uid: 683
    slice lists:	
        [ ingress::hdr.ipv4.dst_addr<32> ^0 ^bit[0..335] [0:0]
          ingress::hdr.ipv4.dst_addr<32> ^1 ^bit[0..334] [1:3]
          ingress::hdr.ipv4.dst_addr<32> ^4 ^bit[0..331] [4:31] ]
    rotational clusters:	
        [[ingress::hdr.ipv4.dst_addr<32> ^0 ^bit[0..335] [0:0]]]
        [[ingress::hdr.ipv4.dst_addr<32> ^1 ^bit[0..334] [1:3]]]
        [[ingress::hdr.ipv4.dst_addr<32> ^4 ^bit[0..331] [4:31]]]
Successfully Allocated
By slicing into the following superclusters:
SUPERCLUSTER Uid: 827
    slice lists:	
        [ ingress::hdr.ipv4.dst_addr<32> ^0 ^bit[0..335] [0:0]
          ingress::hdr.ipv4.dst_addr<32> ^1 ^bit[0..334] [1:3]
          ingress::hdr.ipv4.dst_addr<32> ^4 ^bit[0..331] [4:31] ]
    rotational clusters:	
        [[ingress::hdr.ipv4.dst_addr<32> ^0 ^bit[0..335] [0:0]]]
        [[ingress::hdr.ipv4.dst_addr<32> ^1 ^bit[0..334] [1:3]]]
        [[ingress::hdr.ipv4.dst_addr<32> ^4 ^bit[0..331] [4:31]]]

Best Score: {[n_inc_containers: 1, ], }
Allocation Decisions:
allocate: W0[0:0] <- ingress::hdr.ipv4.dst_addr<32> ^0 ^bit[0..335] [0:0] @[-1r,3w]
allocate: W0[1:3] <- ingress::hdr.ipv4.dst_addr<32> ^1 ^bit[0..334] [1:3] @[-1r,3w]
allocate: W0[4:31] <- ingress::hdr.ipv4.dst_addr<32> ^4 ^bit[0..331] [4:31] @[-1r,3w]
8: TRYING to allocate SUPERCLUSTER Uid: 686
    slice lists:	
        [ ingress::hdr.ipv4.src_addr<32> [0:31] ]
    rotational clusters:	
        [[ingress::hdr.ipv4.src_addr<32> [0:31]]]
Successfully Allocated
By slicing into the following superclusters:
SUPERCLUSTER Uid: 871
    slice lists:	
        [ ingress::hdr.ipv4.src_addr<32> [0:31] ]
    rotational clusters:	
        [[ingress::hdr.ipv4.src_addr<32> [0:31]]]

Best Score: {}
Allocation Decisions:
9: TRYING to allocate SUPERCLUSTER Uid: 692
    slice lists:	[ ]
    rotational clusters:	
        [[ingress::Dequeue_size_tmp<32> meta [0:31]]]
Successfully Allocated
By slicing into the following superclusters:
SUPERCLUSTER Uid: 911
    slice lists:	[ ]
    rotational clusters:	
        [[ingress::Dequeue_size_tmp<32> meta [0:31]]]

Best Score: {[n_inc_containers: 1, ], }
Allocation Decisions:
allocate: W1[0:31] <- ingress::Dequeue_size_tmp<32> meta [0:31] @[-1r,3w]
10: TRYING to allocate SUPERCLUSTER Uid: 693
    slice lists:	[ ]
    rotational clusters:	
        [[ingress::Dequeue_head_tmp<32> meta [0:31]]]
Successfully Allocated
By slicing into the following superclusters:
SUPERCLUSTER Uid: 979
    slice lists:	[ ]
    rotational clusters:	
        [[ingress::Dequeue_head_tmp<32> meta [0:31]]]

Best Score: {[n_inc_containers: 1, ], }
Allocation Decisions:
allocate: W2[0:31] <- ingress::Dequeue_head_tmp<32> meta [0:31] @[-1r,3w]
11: TRYING to allocate SUPERCLUSTER Uid: 695
    slice lists:	[ ]
    rotational clusters:	
        [[ingress::Enqueue_tail_tmp<32> meta [0:31]]]
Successfully Allocated
By slicing into the following superclusters:
SUPERCLUSTER Uid: 1047
    slice lists:	[ ]
    rotational clusters:	
        [[ingress::Enqueue_tail_tmp<32> meta [0:31]]]

Best Score: {[n_overlay_bits: 32, ], }
Allocation Decisions:
allocate: W1[0:31] <- ingress::Enqueue_tail_tmp<32> meta [0:31] @[-1r,3w]
12: TRYING to allocate SUPERCLUSTER Uid: 687
    slice lists:	
        [ ingress::hdr.ipv4.hdr_checksum<16> [0:15]
          ingress::hdr.ipv4.protocol<8> [0:7]
          ingress::hdr.ipv4.ttl<8> [0:7] ]
    rotational clusters:	
        [[ingress::hdr.ipv4.hdr_checksum<16> [0:15]]]
        [[ingress::hdr.ipv4.protocol<8> [0:7]]]
        [[ingress::hdr.ipv4.ttl<8> [0:7]]]
Successfully Allocated
By slicing into the following superclusters:
SUPERCLUSTER Uid: 1119
    slice lists:	
        [ ingress::hdr.ipv4.hdr_checksum<16> [0:15]
          ingress::hdr.ipv4.protocol<8> [0:7]
          ingress::hdr.ipv4.ttl<8> [0:7] ]
    rotational clusters:	
        [[ingress::hdr.ipv4.hdr_checksum<16> [0:15]]]
        [[ingress::hdr.ipv4.protocol<8> [0:7]]]
        [[ingress::hdr.ipv4.ttl<8> [0:7]]]

Best Score: {}
Allocation Decisions:
13: TRYING to allocate SUPERCLUSTER Uid: 689
    slice lists:	
        [ ingress::hdr.ipv4.frag_offset<13> [0:12]
          ingress::hdr.ipv4.flags<3> [0:2]
          ingress::hdr.ipv4.identification<16> [0:15] ]
    rotational clusters:	
        [[ingress::hdr.ipv4.frag_offset<13> [0:12]]]
        [[ingress::hdr.ipv4.flags<3> [0:2]]]
        [[ingress::hdr.ipv4.identification<16> [0:15]]]
Successfully Allocated
By slicing into the following superclusters:
SUPERCLUSTER Uid: 1143
    slice lists:	
        [ ingress::hdr.ipv4.frag_offset<13> [0:12]
          ingress::hdr.ipv4.flags<3> [0:2]
          ingress::hdr.ipv4.identification<16> [0:15] ]
    rotational clusters:	
        [[ingress::hdr.ipv4.frag_offset<13> [0:12]]]
        [[ingress::hdr.ipv4.flags<3> [0:2]]]
        [[ingress::hdr.ipv4.identification<16> [0:15]]]

Best Score: {}
Allocation Decisions:
14: TRYING to allocate SUPERCLUSTER Uid: 691
    slice lists:	
        [ ingress::hdr.ipv4.total_len<16> [0:15]
          ingress::hdr.ipv4.diffserv<8> [0:7]
          ingress::hdr.ipv4.ihl<4> [0:3]
          ingress::hdr.ipv4.version<4> [0:3] ]
    rotational clusters:	
        [[ingress::hdr.ipv4.total_len<16> [0:15]]]
        [[ingress::hdr.ipv4.diffserv<8> [0:7]]]
        [[ingress::hdr.ipv4.ihl<4> [0:3]]]
        [[ingress::hdr.ipv4.version<4> [0:3]]]
Successfully Allocated
By slicing into the following superclusters:
SUPERCLUSTER Uid: 1179
    slice lists:	
        [ ingress::hdr.ipv4.total_len<16> [0:15]
          ingress::hdr.ipv4.diffserv<8> [0:7]
          ingress::hdr.ipv4.ihl<4> [0:3]
          ingress::hdr.ipv4.version<4> [0:3] ]
    rotational clusters:	
        [[ingress::hdr.ipv4.total_len<16> [0:15]]]
        [[ingress::hdr.ipv4.diffserv<8> [0:7]]]
        [[ingress::hdr.ipv4.ihl<4> [0:3]]]
        [[ingress::hdr.ipv4.version<4> [0:3]]]

Best Score: {}
Allocation Decisions:
15: TRYING to allocate SUPERCLUSTER Uid: 694
    slice lists:	[ ]
    rotational clusters:	
        [[ingress::Enqueue_first_tmp<1> meta [0:0]]]
Successfully Allocated
By slicing into the following superclusters:
SUPERCLUSTER Uid: 1199
    slice lists:	[ ]
    rotational clusters:	
        [[ingress::Enqueue_first_tmp<1> meta [0:0]]]

Best Score: {[n_overlay_bits: 1, ], }
Allocation Decisions:
allocate: W2[0:0] <- ingress::Enqueue_first_tmp<1> meta [0:0] @[-1r,3w]

