PHV ALLOCATION SUCCESSFUL
PHV Allocation
+-----------+-------+-----------------+---------------------------------------+
|Container  |Gress  |Container Slice  |Field Slice                            |
+-----------+-------+-----------------+---------------------------------------+
|B0         |I-HW   |[0]              |ingress::hdr.ethernet.$valid           |
|           |       |                 |                                       |
|...        |       |                 |                                       |
|           |       |                 |                                       |
|W0         |I-HW   |[0]              |ingress::hdr.ipv4.dst_addr[0]          |
|           |       |[3:1]            |ingress::hdr.ipv4.dst_addr[3:1]        |
|           |       |[31:4]           |ingress::hdr.ipv4.dst_addr[31:4]       |
|           |       |                 |                                       |
|W1         |I-HW   |                 |ingress::Dequeue_size_tmp              |
|           |       |                 |ingress::Enqueue_tail_tmp              |
|           |       |                 |                                       |
|W2         |I-HW   |                 |ingress::Dequeue_head_tmp              |
|           |       |[0]              |ingress::Enqueue_first_tmp             |
|           |       |                 |                                       |
|...        |       |                 |                                       |
|           |       |                 |                                       |
|TH0        |I      |                 |ingress::hdr.ethernet.ether_type       |
|           |       |                 |                                       |
|TW0        |I      |                 |ingress::hdr.ethernet.src_addr[31:0]   |
|           |       |                 |                                       |
|...        |       |                 |                                       |
|           |       |                 |                                       |
|TH1        |I      |                 |ingress::hdr.ethernet.src_addr[47:32]  |
|           |       |                 |                                       |
|TW1        |I      |                 |ingress::hdr.ethernet.dst_addr[31:0]   |
|           |       |                 |                                       |
|...        |       |                 |                                       |
|           |       |                 |                                       |
|TH2        |I      |                 |ingress::hdr.ethernet.dst_addr[47:32]  |
|           |       |                 |                                       |
|...        |       |                 |                                       |
|           |       |                 |                                       |
+-----------+-------+-----------------+---------------------------------------+


POV Allocation (ingress):
+-----------+-----------------+------------------------------+
|Container  |Container Slice  |Field Slice                   |
+-----------+-----------------+------------------------------+
|B0         |[0]              |ingress::hdr.ethernet.$valid  |
+-----------+-----------------+------------------------------+
|           |Total Bits Used  |1 / 256 ( 0.391%)             |
|           |Pack Density     |1 / 8 ( 12.5 %)               |
+-----------+-----------------+------------------------------+

+---------------------------------------+------------+-----------+----------------+-----------------+
|Field Slice                            |Live Range  |Container  |Container Type  |Container Slice  |
+---------------------------------------+------------+-----------+----------------+-----------------+
|ingress::hdr.ethernet.dst_addr[47:32]  |[-1r, 3w]   |TH2        |TH              |                 |
|ingress::hdr.ethernet.dst_addr[31:0]   |[-1r, 3w]   |TW1        |TW              |                 |
|ingress::hdr.ethernet.src_addr[47:32]  |[-1r, 3w]   |TH1        |TH              |                 |
|ingress::hdr.ethernet.src_addr[31:0]   |[-1r, 3w]   |TW0        |TW              |                 |
|ingress::hdr.ethernet.ether_type       |[-1r, 3w]   |TH0        |TH              |                 |
|ingress::hdr.ipv4.dst_addr[0]          |[-1r, 3w]   |W0         |W               |[0]              |
|ingress::hdr.ipv4.dst_addr[3:1]        |[-1r, 3w]   |W0         |W               |[3:1]            |
|ingress::hdr.ipv4.dst_addr[31:4]       |[-1r, 3w]   |W0         |W               |[31:4]           |
|ingress::Dequeue_size_tmp              |[-1r, 3w]   |W1         |W               |                 |
|ingress::Dequeue_head_tmp              |[-1r, 3w]   |W2         |W               |                 |
|ingress::Enqueue_first_tmp             |[-1r, 3w]   |W2         |W               |[0]              |
|ingress::Enqueue_tail_tmp              |[-1r, 3w]   |W1         |W               |                 |
|ingress::hdr.ethernet.$valid           |[-1r, 3w]   |B0         |B               |[0]              |
+---------------------------------------+------------+-----------+----------------+-----------------+





PHV Allocation State

MAU Groups:
+-------------------+-----------------+--------------+----------------------+---------------------+----------------+---------------------------+--------------------------+----------------+
|     MAU Group     | Containers Used |  Bits Used   | Bits Used on Ingress | Bits Used on Egress | Bits Allocated | Bits Allocated on Ingress | Bits Allocated on Egress | Available Bits |
+-------------------+-----------------+--------------+----------------------+---------------------+----------------+---------------------------+--------------------------+----------------+
|       B0-15       |   1 ( 6.25 %)   | 1 ( 0.781%)  |     1 ( 0.781%)      |     0 (   0  %)     |  1 ( 0.781%)   |        1 ( 0.781%)        |       0 (   0  %)        |      128       |
|      B16-31       |   0 (   0  %)   | 0 (   0  %)  |     0 (   0  %)      |     0 (   0  %)     |  0 (   0  %)   |        0 (   0  %)        |       0 (   0  %)        |      128       |
|      B32-47       |   0 (   0  %)   | 0 (   0  %)  |     0 (   0  %)      |     0 (   0  %)     |  0 (   0  %)   |        0 (   0  %)        |       0 (   0  %)        |      128       |
|      B48-63       |   0 (   0  %)   | 0 (   0  %)  |     0 (   0  %)      |     0 (   0  %)     |  0 (   0  %)   |        0 (   0  %)        |       0 (   0  %)        |      128       |
+-------------------+-----------------+--------------+----------------------+---------------------+----------------+---------------------------+--------------------------+----------------+
|       H0-15       |   0 (   0  %)   | 0 (   0  %)  |     0 (   0  %)      |     0 (   0  %)     |  0 (   0  %)   |        0 (   0  %)        |       0 (   0  %)        |      256       |
|      H16-31       |   0 (   0  %)   | 0 (   0  %)  |     0 (   0  %)      |     0 (   0  %)     |  0 (   0  %)   |        0 (   0  %)        |       0 (   0  %)        |      256       |
|      H32-47       |   0 (   0  %)   | 0 (   0  %)  |     0 (   0  %)      |     0 (   0  %)     |  0 (   0  %)   |        0 (   0  %)        |       0 (   0  %)        |      256       |
|      H48-63       |   0 (   0  %)   | 0 (   0  %)  |     0 (   0  %)      |     0 (   0  %)     |  0 (   0  %)   |        0 (   0  %)        |       0 (   0  %)        |      256       |
|      H64-79       |   0 (   0  %)   | 0 (   0  %)  |     0 (   0  %)      |     0 (   0  %)     |  0 (   0  %)   |        0 (   0  %)        |       0 (   0  %)        |      256       |
|      H80-95       |   0 (   0  %)   | 0 (   0  %)  |     0 (   0  %)      |     0 (   0  %)     |  0 (   0  %)   |        0 (   0  %)        |       0 (   0  %)        |      256       |
+-------------------+-----------------+--------------+----------------------+---------------------+----------------+---------------------------+--------------------------+----------------+
|       W0-15       |   3 ( 18.8 %)   | 96 ( 18.8 %) |     96 ( 18.8 %)     |     0 (   0  %)     | 129 ( 25.2 %)  |       129 ( 25.2 %)       |       0 (   0  %)        |      512       |
|      W16-31       |   0 (   0  %)   | 0 (   0  %)  |     0 (   0  %)      |     0 (   0  %)     |  0 (   0  %)   |        0 (   0  %)        |       0 (   0  %)        |      512       |
|      W32-47       |   0 (   0  %)   | 0 (   0  %)  |     0 (   0  %)      |     0 (   0  %)     |  0 (   0  %)   |        0 (   0  %)        |       0 (   0  %)        |      512       |
|      W48-63       |   0 (   0  %)   | 0 (   0  %)  |     0 (   0  %)      |     0 (   0  %)     |  0 (   0  %)   |        0 (   0  %)        |       0 (   0  %)        |      512       |
+-------------------+-----------------+--------------+----------------------+---------------------+----------------+---------------------------+--------------------------+----------------+
|   Usage for 8b    |   1 ( 1.56 %)   | 1 ( 0.195%)  |     1 ( 0.195%)      |     0 (   0  %)     |  1 ( 0.195%)   |        1 ( 0.195%)        |       0 (   0  %)        |      512       |
|   Usage for 16b   |   0 (   0  %)   | 0 (   0  %)  |     0 (   0  %)      |     0 (   0  %)     |  0 (   0  %)   |        0 (   0  %)        |       0 (   0  %)        |      1536      |
|   Usage for 32b   |   3 ( 4.69 %)   | 96 ( 4.69 %) |     96 ( 4.69 %)     |     0 (   0  %)     | 129 (  6.3 %)  |       129 (  6.3 %)       |       0 (   0  %)        |      2048      |
+-------------------+-----------------+--------------+----------------------+---------------------+----------------+---------------------------+--------------------------+----------------+
| Overall PHV Usage |   4 ( 1.79 %)   | 97 ( 2.37 %) |     97 ( 2.37 %)     |     0 (   0  %)     | 130 ( 3.17 %)  |       130 ( 3.17 %)       |       0 (   0  %)        |      4096      |
+-------------------+-----------------+--------------+----------------------+---------------------+----------------+---------------------------+--------------------------+----------------+


Tagalong Collections:
+------------+-------+--------------------+---------------------+---------------------+---------------+----------------+
|  Collection|  Gress|  8b Containers Used|  16b Containers Used|  32b Containers Used|      Bits Used|  Bits Allocated|
+------------+-------+--------------------+---------------------+---------------------+---------------+----------------+
|           0|      I|         0 (   0  %)|          3 (  50  %)|          2 (  50  %)|  112 ( 43.8 %)|   112 ( 43.8 %)|
|           1|       |         0 (   0  %)|          0 (   0  %)|          0 (   0  %)|    0 (   0  %)|     0 (   0  %)|
|           2|       |         0 (   0  %)|          0 (   0  %)|          0 (   0  %)|    0 (   0  %)|     0 (   0  %)|
|           3|       |         0 (   0  %)|          0 (   0  %)|          0 (   0  %)|    0 (   0  %)|     0 (   0  %)|
|           4|       |         0 (   0  %)|          0 (   0  %)|          0 (   0  %)|    0 (   0  %)|     0 (   0  %)|
|           5|       |         0 (   0  %)|          0 (   0  %)|          0 (   0  %)|    0 (   0  %)|     0 (   0  %)|
|           6|       |         0 (   0  %)|          0 (   0  %)|          0 (   0  %)|    0 (   0  %)|     0 (   0  %)|
|           7|       |         0 (   0  %)|          0 (   0  %)|          0 (   0  %)|    0 (   0  %)|     0 (   0  %)|
+------------+-------+--------------------+---------------------+---------------------+---------------+----------------+
|       Total|       |         0 (   0  %)|          3 ( 6.25 %)|          2 ( 6.25 %)|  112 ( 5.47 %)|   112 ( 5.47 %)|
+------------+-------+--------------------+---------------------+---------------------+---------------+----------------+



