Table Placement ignores container conflicts? 1
table placement starting pipe
ingress: [2057775] 1 00 110 0000 00001
  Enqueue_first_table
    stateful firsts    4
  Enqueue_inc_tail_table
    stateful tails    4
  Enqueue_inc_size_table
    stateful sizes    4
  cond-4(ingress::hdr.ipv4.dst_addr[1:0] == 0; => $true, 1 => $false)
    $true: [2058145]
      Enqueue_enqueue_table
        stateful rb1 1024
    $false: [2058147]
      Enqueue_enqueue_table_0
        stateful rb2 1024
  Dequeue_dec_size_table
    stateful sizes    4
  cond-5(ingress::Dequeue_size_tmp == 0; => $false, 1 => $true)
    $true: [2058231] 1
      Dequeue_inc_head_table
        stateful heads    4
      cond-6(ingress::hdr.ipv4.dst_addr[1:0] == 0; => $true, 1 => $false)
        $true: [2058447]
          Dequeue_dequeue_table
            stateful rb1 1024
        $false: [2058449]
          Dequeue_dequeue_table_0
            stateful rb2 1024
egress: [2061293]

stage 0, work: [ 2057775 ], partly placed 0, placed 0
    { id=0 ram=0 tcam=0 mram=0 eixb=0 tixb=0 malu=0 salu=0 }
  Group table: Enqueue_first_table
  Group table: Enqueue_inc_tail_table
  Group table: Enqueue_inc_size_table
  Group table: cond-4
  Group table: Dequeue_dec_size_table
  Group table: cond-5
Enqueue_first_table is not a gateway! Aborting search for merge choices
try_place_table(Enqueue_first_table, stage=0)
  Initial stage is 0, initial entries is 512
Trying to allocate imem for Enqueue_first_table
Trying to allocate imem for Enqueue_first_table
  Selected stage: 0    Furthest stage: 0
  try_place_table returning 512 of Enqueue_first_table in stage 0
    Pl vector: [ Enqueue_first_table ]
  - skipping Enqueue_inc_tail_table due to in-sequence control dependence on Enqueue_first_table
Enqueue_inc_size_table is not a gateway! Aborting search for merge choices
try_place_table(Enqueue_inc_size_table, stage=0)
  Initial stage is 0, initial entries is 512
Trying to allocate imem for Enqueue_inc_size_table
Trying to allocate imem for Enqueue_inc_size_table
  Selected stage: 0    Furthest stage: 0
  try_place_table returning 512 of Enqueue_inc_size_table in stage 0 (need more)
    Pl vector: [ Enqueue_inc_size_table ]
  - skipping cond-4 because it depends on Enqueue_inc_tail_table
    - removing Enqueue_enqueue_table_0 from merge list because it depends on Enqueue_inc_tail_table
    - removing Enqueue_enqueue_table from merge list because it depends on Enqueue_inc_tail_table
    - skipping gateway cond-4 until mergeable tables are available
Dequeue_dec_size_table is not a gateway! Aborting search for merge choices
try_place_table(Dequeue_dec_size_table, stage=0)
  Initial stage is 0, initial entries is 512
Trying to allocate imem for Dequeue_dec_size_table
Trying to allocate imem for Dequeue_dec_size_table
  Selected stage: 0    Furthest stage: 0
  try_place_table returning 512 of Dequeue_dec_size_table in stage 0 (need more)
    Pl vector: [ Dequeue_dec_size_table ]
  - skipping cond-5 due to in-sequence control dependence on Dequeue_dec_size_table
found 3 tables that could be placed: [ Enqueue_first_table, Enqueue_inc_size_table, Dequeue_dec_size_table ]
Initial best is first table seen: Enqueue_first_table
For trial t : Enqueue_inc_size_table with best: Enqueue_first_table
    Keeping best Enqueue_first_table for reason: longer downward prop control-included dependence tail chain
For trial t : Dequeue_dec_size_table with best: Enqueue_first_table
    Keeping best Enqueue_first_table for reason: longer control-excluded dependence tail chain
placing 512 entries of Enqueue_first_table in stage 0(0) FormatType(022)
stage 0, work: [ 2057775 ], partly placed 0, placed 1
    { id=0 ram=0 tcam=0 mram=0 eixb=0 tixb=0 malu=0 salu=0 }
  Group table: Enqueue_first_table
  Group table: Enqueue_inc_tail_table
  Group table: Enqueue_inc_size_table
  Group table: cond-4
  Group table: Dequeue_dec_size_table
  Group table: cond-5
    - skipping Enqueue_first_table as its already done
Enqueue_inc_tail_table is not a gateway! Aborting search for merge choices
try_place_table(Enqueue_inc_tail_table, stage=0)
  - dependency between Enqueue_first_table and table advances stage
  Initial stage is 1, initial entries is 512
Trying to allocate imem for Enqueue_inc_tail_table
Trying to allocate imem for Enqueue_inc_tail_table
  Selected stage: 1    Furthest stage: 1
  try_place_table returning 512 of Enqueue_inc_tail_table in stage 1
    Pl vector: [ Enqueue_inc_tail_table ]
Enqueue_inc_size_table is not a gateway! Aborting search for merge choices
try_place_table(Enqueue_inc_size_table, stage=0)
  Initial stage is 0, initial entries is 512
Trying to allocate imem for Enqueue_first_table
Trying to allocate imem for Enqueue_inc_size_table
Trying to allocate imem for Enqueue_first_table
Trying to allocate imem for Enqueue_inc_size_table
  Selected stage: 0    Furthest stage: 1
  try_place_table returning 512 of Enqueue_inc_size_table in stage 0 (need more)
    Pl vector: [ Enqueue_inc_size_table ]
  - skipping cond-4 because it depends on Enqueue_inc_tail_table
    - removing Enqueue_enqueue_table_0 from merge list because it depends on Enqueue_inc_tail_table
    - removing Enqueue_enqueue_table from merge list because it depends on Enqueue_inc_tail_table
    - skipping gateway cond-4 until mergeable tables are available
Dequeue_dec_size_table is not a gateway! Aborting search for merge choices
try_place_table(Dequeue_dec_size_table, stage=0)
  Initial stage is 0, initial entries is 512
Trying to allocate imem for Enqueue_first_table
Trying to allocate imem for Dequeue_dec_size_table
Trying to allocate imem for Enqueue_first_table
Trying to allocate imem for Dequeue_dec_size_table
  Selected stage: 0    Furthest stage: 1
  try_place_table returning 512 of Dequeue_dec_size_table in stage 0 (need more)
    Pl vector: [ Dequeue_dec_size_table ]
  - skipping cond-5 due to in-sequence control dependence on Dequeue_dec_size_table
found 3 tables that could be placed: [ Enqueue_inc_tail_table, Enqueue_inc_size_table, Dequeue_dec_size_table ]
Initial best is first table seen: Enqueue_inc_tail_table
For trial t : Enqueue_inc_size_table with best: Enqueue_inc_tail_table
    Updating best to Enqueue_inc_size_table from Enqueue_inc_tail_table for reason: earlier stage calculated
For trial t : Dequeue_dec_size_table with best: Enqueue_inc_size_table
    Updating best to Dequeue_dec_size_table from Enqueue_inc_size_table for reason: longer downward prop control-included dependence tail chain
placing 512 entries of Dequeue_dec_size_table in stage 0(1) FormatType(042) (need more)
stage 0, work: [ 2057775 ], partly placed 1, placed 2
    { id=0 ram=0 tcam=0 mram=0 eixb=0 tixb=0 malu=0 salu=0 }
  Group table: Enqueue_first_table
  Group table: Enqueue_inc_tail_table
  Group table: Enqueue_inc_size_table
  Group table: cond-4
  Group table: Dequeue_dec_size_table
  Group table: cond-5
    - skipping Enqueue_first_table as its already done
Enqueue_inc_tail_table is not a gateway! Aborting search for merge choices
try_place_table(Enqueue_inc_tail_table, stage=0)
  - dependency between Enqueue_first_table and table advances stage
  Initial stage is 1, initial entries is 512
Trying to allocate imem for Enqueue_inc_tail_table
Trying to allocate imem for Enqueue_inc_tail_table
  Selected stage: 1    Furthest stage: 1
  try_place_table returning 512 of Enqueue_inc_tail_table in stage 1
    Pl vector: [ Enqueue_inc_tail_table ]
Enqueue_inc_size_table is not a gateway! Aborting search for merge choices
try_place_table(Enqueue_inc_size_table, stage=0)
    Dequeue_dec_size_table is now also placed (1)
  Initial stage is 0, initial entries is 512
Trying to allocate imem for Enqueue_first_table
Trying to allocate imem for Dequeue_dec_size_table
Trying to allocate imem for Enqueue_inc_size_table
Trying to allocate imem for Enqueue_first_table
Trying to allocate imem for Dequeue_dec_size_table
Trying to allocate imem for Enqueue_inc_size_table
  Selected stage: 0    Furthest stage: 1
  try_place_table returning 512 of Enqueue_inc_size_table in stage 0
    Pl vector: [ Enqueue_inc_size_table ]
  - skipping cond-4 because it depends on Enqueue_inc_tail_table
    - removing Enqueue_enqueue_table_0 from merge list because it depends on Enqueue_inc_tail_table
    - removing Enqueue_enqueue_table from merge list because it depends on Enqueue_inc_tail_table
    - skipping gateway cond-4 until mergeable tables are available
Dequeue_dec_size_table is not a gateway! Aborting search for merge choices
try_place_table(Dequeue_dec_size_table, stage=0)
  Cannot place multiple sections of an individual table in the same stage
    Pl vector: []
  - skipping cond-5 due to in-sequence control dependence on Dequeue_dec_size_table
found 2 tables that could be placed: [ Enqueue_inc_tail_table, Enqueue_inc_size_table ]
Initial best is first table seen: Enqueue_inc_tail_table
For trial t : Enqueue_inc_size_table with best: Enqueue_inc_tail_table
    Updating best to Enqueue_inc_size_table from Enqueue_inc_tail_table for reason: earlier stage calculated
placing 512 entries of Enqueue_inc_size_table in stage 0(2) FormatType(022)
stage 0, work: [ 2057775 ], partly placed 0, placed 3
    { id=0 ram=0 tcam=0 mram=0 eixb=0 tixb=0 malu=0 salu=0 }
  Group table: Enqueue_first_table
  Group table: Enqueue_inc_tail_table
  Group table: Enqueue_inc_size_table
  Group table: cond-4
  Group table: Dequeue_dec_size_table
  Group table: cond-5
    - skipping Enqueue_first_table as its already done
Enqueue_inc_tail_table is not a gateway! Aborting search for merge choices
try_place_table(Enqueue_inc_tail_table, stage=0)
  - dependency between Enqueue_first_table and table advances stage
  Initial stage is 1, initial entries is 512
Trying to allocate imem for Enqueue_inc_tail_table
Trying to allocate imem for Enqueue_inc_tail_table
  Selected stage: 1    Furthest stage: 1
  try_place_table returning 512 of Enqueue_inc_tail_table in stage 1
    Pl vector: [ Enqueue_inc_tail_table ]
    - skipping Enqueue_inc_size_table as its already done
  - skipping cond-4 because it depends on Enqueue_inc_tail_table
    - removing Enqueue_enqueue_table_0 from merge list because it depends on Enqueue_inc_tail_table
    - removing Enqueue_enqueue_table from merge list because it depends on Enqueue_inc_tail_table
    - skipping gateway cond-4 until mergeable tables are available
    - skipping Dequeue_dec_size_table as its already done
try_place_table(cond-5, stage=0)
  Merging with match table Dequeue_inc_head_table
  - dependency between Dequeue_dec_size_table and table advances stage
  Initial stage is 1, initial entries is 512
Trying to allocate imem for Dequeue_inc_head_table
Trying to allocate imem for Dequeue_inc_head_table
  Selected stage: 1    Furthest stage: 1
  try_place_table returning 512 of Dequeue_inc_head_table in stage 1
    Pl vector: [ Dequeue_inc_head_table ]
found 2 tables that could be placed: [ Enqueue_inc_tail_table, Dequeue_inc_head_table ]
Initial best is first table seen: Enqueue_inc_tail_table
For trial t : Dequeue_inc_head_table with best: Enqueue_inc_tail_table
    Keeping best Enqueue_inc_tail_table for reason: longer downward dominance frontier dependence chain
placing 512 entries of Enqueue_inc_tail_table in stage 1(10) FormatType(022)
stage 1, work: [ 2057775 ], partly placed 0, placed 4
    { id=0 ram=0 tcam=0 mram=0 eixb=0 tixb=0 malu=0 salu=0 }
  Group table: Enqueue_first_table
  Group table: Enqueue_inc_tail_table
  Group table: Enqueue_inc_size_table
  Group table: cond-4
  Group table: Dequeue_dec_size_table
  Group table: cond-5
    - skipping Enqueue_first_table as its already done
    - skipping Enqueue_inc_tail_table as its already done
    - skipping Enqueue_inc_size_table as its already done
try_place_table(cond-4, stage=1)
  Merging with match table Enqueue_enqueue_table_0
  - dependency between Enqueue_inc_tail_table and table advances stage
  Initial stage is 2, initial entries is 512
Trying to allocate imem for Enqueue_enqueue_table_0
Trying to allocate imem for Enqueue_enqueue_table_0
  Selected stage: 2    Furthest stage: 2
  try_place_table returning 512 of Enqueue_enqueue_table_0 in stage 2 (need more)
  Merging with match table Enqueue_enqueue_table
  - dependency between Enqueue_inc_tail_table and table advances stage
  Initial stage is 2, initial entries is 512
Trying to allocate imem for Enqueue_enqueue_table
Trying to allocate imem for Enqueue_enqueue_table
  Selected stage: 2    Furthest stage: 2
  try_place_table returning 512 of Enqueue_enqueue_table in stage 2 (need more)
    Pl vector: [ Enqueue_enqueue_table_0, Enqueue_enqueue_table ]
    - skipping Dequeue_dec_size_table as its already done
try_place_table(cond-5, stage=1)
  Merging with match table Dequeue_inc_head_table
  Initial stage is 1, initial entries is 512
Trying to allocate imem for Enqueue_inc_tail_table
Trying to allocate imem for Dequeue_inc_head_table
Trying to allocate imem for Enqueue_inc_tail_table
Trying to allocate imem for Dequeue_inc_head_table
  Selected stage: 1    Furthest stage: 2
  try_place_table returning 512 of Dequeue_inc_head_table in stage 1
    Pl vector: [ Dequeue_inc_head_table ]
found 3 tables that could be placed: [ Enqueue_enqueue_table_0, Enqueue_enqueue_table, Dequeue_inc_head_table ]
Initial best is first table seen: Enqueue_enqueue_table_0
For trial t : Enqueue_enqueue_table with best: Enqueue_enqueue_table_0
    Updating best to Enqueue_enqueue_table from Enqueue_enqueue_table_0 for reason: default choice
For trial t : Dequeue_inc_head_table with best: Enqueue_enqueue_table
    Updating best to Dequeue_inc_head_table from Enqueue_enqueue_table for reason: earlier stage calculated
placing 512 entries of Dequeue_inc_head_table (with gw cond-5) in stage 1(11) FormatType(022)
stage 1, work: [ 2058231 ], partly placed 0, placed 5
    { id=0 ram=0 tcam=0 mram=0 eixb=0 tixb=0 malu=0 salu=0 }
  Group table: Dequeue_inc_head_table
  Group table: cond-6
    - skipping Dequeue_inc_head_table as its already done
try_place_table(cond-6, stage=1)
  Merging with match table Dequeue_dequeue_table_0
  - dependency between Dequeue_inc_head_table and table advances stage
  Initial stage is 2, initial entries is 512
Trying to allocate imem for Dequeue_dequeue_table_0
Trying to allocate imem for Dequeue_dequeue_table_0
  Selected stage: 2    Furthest stage: 2
  try_place_table returning 512 of Dequeue_dequeue_table_0 in stage 2 (need more)
  Merging with match table Dequeue_dequeue_table
  - dependency between Dequeue_inc_head_table and table advances stage
  Initial stage is 2, initial entries is 512
Trying to allocate imem for Dequeue_dequeue_table
Trying to allocate imem for Dequeue_dequeue_table
  Selected stage: 2    Furthest stage: 2
  try_place_table returning 512 of Dequeue_dequeue_table in stage 2 (need more)
    Pl vector: [ Dequeue_dequeue_table_0, Dequeue_dequeue_table ]
found 2 tables that could be placed: [ Dequeue_dequeue_table_0, Dequeue_dequeue_table ]
Initial best is first table seen: Dequeue_dequeue_table_0
For trial t : Dequeue_dequeue_table with best: Dequeue_dequeue_table_0
    Updating best to Dequeue_dequeue_table from Dequeue_dequeue_table_0 for reason: default choice
placing 512 entries of Dequeue_dequeue_table (with gw cond-6) in stage 2(20) FormatType(042) (need more)
stage 2, work: [ 2058447, 2058449 ], partly placed 1, placed 6
    { id=0 ram=0 tcam=0 mram=0 eixb=0 tixb=0 malu=0 salu=0 }
  Group table: Dequeue_dequeue_table
Dequeue_dequeue_table is not a gateway! Aborting search for merge choices
try_place_table(Dequeue_dequeue_table, stage=2)
  Cannot place multiple sections of an individual table in the same stage
    Pl vector: []
  Group table: Dequeue_dequeue_table_0
Dequeue_dequeue_table_0 is not a gateway! Aborting search for merge choices
try_place_table(Dequeue_dequeue_table_0, stage=2)
  Initial stage is 2, initial entries is 512
Trying to allocate imem for Dequeue_dequeue_table
Trying to allocate imem for Dequeue_dequeue_table_0
Trying to allocate imem for Dequeue_dequeue_table
Trying to allocate imem for Dequeue_dequeue_table_0
  Selected stage: 2    Furthest stage: 3
  try_place_table returning 512 of Dequeue_dequeue_table_0 in stage 2 (need more)
    Pl vector: [ Dequeue_dequeue_table_0 ]
found 1 tables that could be placed: [ Dequeue_dequeue_table_0 ]
Initial best is first table seen: Dequeue_dequeue_table_0
placing 512 entries of Dequeue_dequeue_table_0 in stage 2(21) FormatType(042) (need more)
stage 2, work: [ 2058447, 2058449 ], partly placed 2, placed 7
    { id=0 ram=0 tcam=0 mram=0 eixb=0 tixb=0 malu=0 salu=0 }
  Group table: Dequeue_dequeue_table
Dequeue_dequeue_table is not a gateway! Aborting search for merge choices
try_place_table(Dequeue_dequeue_table, stage=2)
  Cannot place multiple sections of an individual table in the same stage
    Pl vector: []
  Group table: Dequeue_dequeue_table_0
Dequeue_dequeue_table_0 is not a gateway! Aborting search for merge choices
try_place_table(Dequeue_dequeue_table_0, stage=2)
  Cannot place multiple sections of an individual table in the same stage
    Pl vector: []
table placement ending with unplaced tables:
  cond-4
  Enqueue_enqueue_table
  Enqueue_enqueue_table_0
  Dequeue_dequeue_table(pp)(mp)
  Dequeue_dequeue_table_0(pp)(mp)
Adding complete placement for resource mode:0
Found a complete solution that fit the number of stages required
Evaluating complete solution with resource:0
Placement error(s):3 stages required:3
Updating best final placement with this one
Table placement placed 7 tables in 3 stages
  Table Dequeue_dequeue_table_0 logical id 0x21 entries=512
    attached table rb2 entries=0 (need_more)
  Table Dequeue_dequeue_table logical id 0x20 entries=512
    attached table rb1 entries=0 (need_more)
  Gateway cond-6 is also logical id 0x20
  Table Dequeue_inc_head_table logical id 0x11 entries=512
    attached table heads entries=4
  Gateway cond-5 is also logical id 0x11
  Table Enqueue_inc_tail_table logical id 0x10 entries=512
    attached table tails entries=4
  Table Enqueue_inc_size_table logical id 0x2 entries=512
    attached table sizes entries=4
  Table Dequeue_dec_size_table logical id 0x1 entries=512
    attached table sizes entries=4
  Table Enqueue_first_table logical id 0x0 entries=512
    attached table firsts entries=4
Finished table placement decisions pipe
folding gateway cond-5 onto Dequeue_inc_head_table
folding gateway cond-6 onto Dequeue_dequeue_table
table placement completed pipe
ingress: [2057775] 0 00 000 0000 00000
  0: Enqueue_first_table{ E 0+10, 0 0K }
    stateful firsts    4
  1: Dequeue_dec_size_table{ E 0+10, 0 0K }
    stateful sizes    4
  2: Enqueue_inc_size_table{ E 0+10, 0 0K }
    stateful sizes    4
  10: Enqueue_inc_tail_table{ E 0+10, 0 0K }
    stateful tails    4
  11: Dequeue_inc_head_table(ingress::Dequeue_size_tmp == 0; => $false, 1){ GE 0+10, 0 0K }
    stateful heads    4
    $default: [2058231]
      20: Dequeue_dequeue_table(ingress::hdr.ipv4.dst_addr[1:0] == 0;, 1 => $false){ GE 0+10, 0 0K }
        stateful rb1 1024
        $false: [2058449]
          21: Dequeue_dequeue_table_0{ E 0+10, 0 0K }
            stateful rb2 1024
    $false: [2168531]
  cond-4(ingress::hdr.ipv4.dst_addr[1:0] == 0; => $true, 1 => $false)
    $true: [2058145]
      Enqueue_enqueue_table
        stateful rb1 1024
    $false: [2058147]
      Enqueue_enqueue_table_0
        stateful rb2 1024
egress: [2061293]

