Parser Characterization Report:
Number of states on ingress: 5

Number of matches on ingress: 8

Longest path (5 states) on ingress:
    $entry_point
    start
    TofinoIngressParser_parse_port_metadata
    TofinoIngressParser_parse_port_metadata.$oob_stall_0
    TofinoIngressParser_parse_port_metadata.$split_0

Shortest path (2 states) on ingress:
    $entry_point
    start

Timing is met for min-sized packet (73 B) running at 100 Gbps

Extractor usage:
+------------------------------------------------------+------------+-------+--------+--------+------------------+-------+
|State                                                 |Match       |8-bit  |16-bit  |32-bit  |Total Extractors  |Other  |
+------------------------------------------------------+------------+-------+--------+--------+------------------+-------+
|$entry_point                                          |*           |0      |0       |0       |0                 |       |
|start                                                 |0b1*******  |0      |0       |0       |0                 |       |
|-                                                     |0b0*******  |0      |0       |0       |0                 |       |
|TofinoIngressParser_parse_port_metadata               |*           |1      |3       |2       |6                 |       |
|TofinoIngressParser_parse_port_metadata.$oob_stall_0  |*           |0      |0       |0       |0                 |       |
|TofinoIngressParser_parse_port_metadata.$split_0      |0x01020304  |0      |0       |1       |1                 |       |
|-                                                     |0x01020305  |0      |0       |1       |1                 |       |
|-                                                     |0x********  |0      |0       |1       |1                 |       |
+------------------------------------------------------+------------+-------+--------+--------+------------------+-------+
Number of states on egress: 1

Number of matches on egress: 1

Longest path (1 states) on egress:
    $entry_point.start

Shortest path (1 states) on egress:
    $entry_point.start

Timing is met for min-sized packet (73 B) running at 100 Gbps

Extractor usage:
+--------------------+-------+-------+--------+--------+------------------+-------+
|State               |Match  |8-bit  |16-bit  |32-bit  |Total Extractors  |Other  |
+--------------------+-------+-------+--------+--------+------------------+-------+
|$entry_point.start  |*      |0      |0       |0       |0                 |       |
+--------------------+-------+-------+--------+--------+------------------+-------+
