PHV ALLOCATION SUCCESSFUL
PHV Allocation
+-----------+-------+-----------------+----------------------------------------+
|Container  |Gress  |Container Slice  |Field Slice                             |
+-----------+-------+-----------------+----------------------------------------+
|B0         |I-HW   |[2:0]            |ingress::ig_intr_md_for_dprsr.drop_ctl  |
|           |       |                 |                                        |
|B1         |I-HW   |[0]              |ingress::hdr.ethernet.$valid            |
|           |       |                 |                                        |
|...        |       |                 |                                        |
|           |       |                 |                                        |
|H0         |I-HW   |                 |ingress::hdr.ethernet.src_addr[47:32]   |
|           |       |                 |                                        |
|...        |       |                 |                                        |
|           |       |                 |                                        |
|W0         |I-HW   |                 |ingress::Enqueue_left_tmp               |
|           |       |                 |ingress::Dequeue_left_tmp               |
|           |       |                 |                                        |
|W1         |I-HW   |                 |ingress::Enqueue_tail_tmp               |
|           |       |                 |ingress::Dequeue_head_tmp               |
|           |       |                 |                                        |
|W2         |I-HW   |                 |ingress::hdr.ethernet.src_addr[31:0]    |
|           |       |                 |                                        |
|W3         |I-HW   |                 |ingress::hdr.ipv4.dst_addr              |
|           |       |                 |                                        |
|W4         |I-HW   |                 |ingress::Dequeue_size_tmp               |
|           |       |[0]              |ingress::Enqueue_first_tmp              |
|           |       |                 |                                        |
|...        |       |                 |                                        |
|           |       |                 |                                        |
|TH0        |I      |                 |ingress::hdr.ethernet.ether_type        |
|           |       |                 |                                        |
|TW0        |I      |                 |ingress::hdr.ethernet.dst_addr[31:0]    |
|           |       |                 |                                        |
|...        |       |                 |                                        |
|           |       |                 |                                        |
|TH1        |I      |                 |ingress::hdr.ethernet.dst_addr[47:32]   |
|           |       |                 |                                        |
|...        |       |                 |                                        |
|           |       |                 |                                        |
+-----------+-------+-----------------+----------------------------------------+


POV Allocation (ingress):
+-----------+-----------------+------------------------------+
|Container  |Container Slice  |Field Slice                   |
+-----------+-----------------+------------------------------+
|B1         |[0]              |ingress::hdr.ethernet.$valid  |
+-----------+-----------------+------------------------------+
|           |Total Bits Used  |1 / 256 ( 0.391%)             |
|           |Pack Density     |1 / 8 ( 12.5 %)               |
+-----------+-----------------+------------------------------+

+----------------------------------------+------------+-----------+----------------+-----------------+
|Field Slice                             |Live Range  |Container  |Container Type  |Container Slice  |
+----------------------------------------+------------+-----------+----------------+-----------------+
|ingress::hdr.ethernet.dst_addr[47:32]   |[-1r, 3w]   |TH1        |TH              |                 |
|ingress::hdr.ethernet.dst_addr[31:0]    |[-1r, 3w]   |TW0        |TW              |                 |
|ingress::hdr.ethernet.src_addr[47:32]   |[-1r, 3w]   |H0         |H               |                 |
|ingress::hdr.ethernet.src_addr[31:0]    |[-1r, 3w]   |W2         |W               |                 |
|ingress::hdr.ethernet.ether_type        |[-1r, 3w]   |TH0        |TH              |                 |
|ingress::hdr.ipv4.dst_addr              |[-1r, 3w]   |W3         |W               |                 |
|ingress::ig_intr_md_for_dprsr.drop_ctl  |[-1r, 3w]   |B0         |B               |[2:0]            |
|ingress::Enqueue_left_tmp               |[-1r, 3w]   |W0         |W               |                 |
|ingress::Enqueue_first_tmp              |[-1r, 3w]   |W4         |W               |[0]              |
|ingress::Enqueue_tail_tmp               |[-1r, 3w]   |W1         |W               |                 |
|ingress::Dequeue_left_tmp               |[-1r, 3w]   |W0         |W               |                 |
|ingress::Dequeue_size_tmp               |[-1r, 3w]   |W4         |W               |                 |
|ingress::Dequeue_head_tmp               |[-1r, 3w]   |W1         |W               |                 |
|ingress::hdr.ethernet.$valid            |[-1r, 3w]   |B1         |B               |[0]              |
+----------------------------------------+------------+-----------+----------------+-----------------+





PHV Allocation State

MAU Groups:
+-------------------+-----------------+---------------+----------------------+---------------------+----------------+---------------------------+--------------------------+----------------+
|     MAU Group     | Containers Used |   Bits Used   | Bits Used on Ingress | Bits Used on Egress | Bits Allocated | Bits Allocated on Ingress | Bits Allocated on Egress | Available Bits |
+-------------------+-----------------+---------------+----------------------+---------------------+----------------+---------------------------+--------------------------+----------------+
|       B0-15       |   2 ( 12.5 %)   |  4 ( 3.12 %)  |     4 ( 3.12 %)      |     0 (   0  %)     |  4 ( 3.12 %)   |        4 ( 3.12 %)        |       0 (   0  %)        |      128       |
|      B16-31       |   0 (   0  %)   |  0 (   0  %)  |     0 (   0  %)      |     0 (   0  %)     |  0 (   0  %)   |        0 (   0  %)        |       0 (   0  %)        |      128       |
|      B32-47       |   0 (   0  %)   |  0 (   0  %)  |     0 (   0  %)      |     0 (   0  %)     |  0 (   0  %)   |        0 (   0  %)        |       0 (   0  %)        |      128       |
|      B48-63       |   0 (   0  %)   |  0 (   0  %)  |     0 (   0  %)      |     0 (   0  %)     |  0 (   0  %)   |        0 (   0  %)        |       0 (   0  %)        |      128       |
+-------------------+-----------------+---------------+----------------------+---------------------+----------------+---------------------------+--------------------------+----------------+
|       H0-15       |   1 ( 6.25 %)   | 16 ( 6.25 %)  |     16 ( 6.25 %)     |     0 (   0  %)     |  16 ( 6.25 %)  |       16 ( 6.25 %)        |       0 (   0  %)        |      256       |
|      H16-31       |   0 (   0  %)   |  0 (   0  %)  |     0 (   0  %)      |     0 (   0  %)     |  0 (   0  %)   |        0 (   0  %)        |       0 (   0  %)        |      256       |
|      H32-47       |   0 (   0  %)   |  0 (   0  %)  |     0 (   0  %)      |     0 (   0  %)     |  0 (   0  %)   |        0 (   0  %)        |       0 (   0  %)        |      256       |
|      H48-63       |   0 (   0  %)   |  0 (   0  %)  |     0 (   0  %)      |     0 (   0  %)     |  0 (   0  %)   |        0 (   0  %)        |       0 (   0  %)        |      256       |
|      H64-79       |   0 (   0  %)   |  0 (   0  %)  |     0 (   0  %)      |     0 (   0  %)     |  0 (   0  %)   |        0 (   0  %)        |       0 (   0  %)        |      256       |
|      H80-95       |   0 (   0  %)   |  0 (   0  %)  |     0 (   0  %)      |     0 (   0  %)     |  0 (   0  %)   |        0 (   0  %)        |       0 (   0  %)        |      256       |
+-------------------+-----------------+---------------+----------------------+---------------------+----------------+---------------------------+--------------------------+----------------+
|       W0-15       |   5 ( 31.2 %)   | 160 ( 31.2 %) |    160 ( 31.2 %)     |     0 (   0  %)     | 225 ( 43.9 %)  |       225 ( 43.9 %)       |       0 (   0  %)        |      512       |
|      W16-31       |   0 (   0  %)   |  0 (   0  %)  |     0 (   0  %)      |     0 (   0  %)     |  0 (   0  %)   |        0 (   0  %)        |       0 (   0  %)        |      512       |
|      W32-47       |   0 (   0  %)   |  0 (   0  %)  |     0 (   0  %)      |     0 (   0  %)     |  0 (   0  %)   |        0 (   0  %)        |       0 (   0  %)        |      512       |
|      W48-63       |   0 (   0  %)   |  0 (   0  %)  |     0 (   0  %)      |     0 (   0  %)     |  0 (   0  %)   |        0 (   0  %)        |       0 (   0  %)        |      512       |
+-------------------+-----------------+---------------+----------------------+---------------------+----------------+---------------------------+--------------------------+----------------+
|   Usage for 8b    |   2 ( 3.12 %)   |  4 ( 0.781%)  |     4 ( 0.781%)      |     0 (   0  %)     |  4 ( 0.781%)   |        4 ( 0.781%)        |       0 (   0  %)        |      512       |
|   Usage for 16b   |   1 ( 1.04 %)   | 16 ( 1.04 %)  |     16 ( 1.04 %)     |     0 (   0  %)     |  16 ( 1.04 %)  |       16 ( 1.04 %)        |       0 (   0  %)        |      1536      |
|   Usage for 32b   |   5 ( 7.81 %)   | 160 ( 7.81 %) |    160 ( 7.81 %)     |     0 (   0  %)     | 225 (  11  %)  |       225 (  11  %)       |       0 (   0  %)        |      2048      |
+-------------------+-----------------+---------------+----------------------+---------------------+----------------+---------------------------+--------------------------+----------------+
| Overall PHV Usage |   8 ( 3.57 %)   | 180 ( 4.39 %) |    180 ( 4.39 %)     |     0 (   0  %)     | 245 ( 5.98 %)  |       245 ( 5.98 %)       |       0 (   0  %)        |      4096      |
+-------------------+-----------------+---------------+----------------------+---------------------+----------------+---------------------------+--------------------------+----------------+


Tagalong Collections:
+------------+-------+--------------------+---------------------+---------------------+--------------+----------------+
|  Collection|  Gress|  8b Containers Used|  16b Containers Used|  32b Containers Used|     Bits Used|  Bits Allocated|
+------------+-------+--------------------+---------------------+---------------------+--------------+----------------+
|           0|      I|         0 (   0  %)|          2 ( 33.3 %)|          1 (  25  %)|  64 (  25  %)|    64 (  25  %)|
|           1|       |         0 (   0  %)|          0 (   0  %)|          0 (   0  %)|   0 (   0  %)|     0 (   0  %)|
|           2|       |         0 (   0  %)|          0 (   0  %)|          0 (   0  %)|   0 (   0  %)|     0 (   0  %)|
|           3|       |         0 (   0  %)|          0 (   0  %)|          0 (   0  %)|   0 (   0  %)|     0 (   0  %)|
|           4|       |         0 (   0  %)|          0 (   0  %)|          0 (   0  %)|   0 (   0  %)|     0 (   0  %)|
|           5|       |         0 (   0  %)|          0 (   0  %)|          0 (   0  %)|   0 (   0  %)|     0 (   0  %)|
|           6|       |         0 (   0  %)|          0 (   0  %)|          0 (   0  %)|   0 (   0  %)|     0 (   0  %)|
|           7|       |         0 (   0  %)|          0 (   0  %)|          0 (   0  %)|   0 (   0  %)|     0 (   0  %)|
+------------+-------+--------------------+---------------------+---------------------+--------------+----------------+
|       Total|       |         0 (   0  %)|          2 ( 4.17 %)|          1 ( 3.12 %)|  64 ( 3.12 %)|    64 ( 3.12 %)|
+------------+-------+--------------------+---------------------+---------------------+--------------+----------------+



