PHV ALLOCATION SUCCESSFUL
PHV Allocation
+-----------+-------+-----------------+------------------------------------------------------+
|Container  |Gress  |Container Slice  |Field Slice                                           |
+-----------+-------+-----------------+------------------------------------------------------+
|B0         |E      |[0]              |egress::eg_intr_md_for_dprsr.mirror_io_select.$valid  |
|           |       |                 |                                                      |
|MB0        |E      |[0]              |egress::eg_intr_md_for_dprsr.mirror_io_select         |
|           |       |                 |                                                      |
|...        |       |                 |                                                      |
|           |       |                 |                                                      |
|B4         |I      |[0]              |ingress::hdr.ethernet.$valid                          |
|           |       |[1]              |ingress::Enqueue_first_tmp                            |
|           |       |                 |                                                      |
|...        |       |                 |                                                      |
|           |       |                 |                                                      |
|MH0        |I      |                 |ingress::hdr.ethernet.dst_addr[47:32]                 |
|           |       |                 |                                                      |
|...        |       |                 |                                                      |
|           |       |                 |                                                      |
|W0         |I      |                 |ingress::Enqueue_tail_tmp                             |
|           |       |                 |                                                      |
|MW0        |I      |                 |ingress::hdr.ethernet.dst_addr[31:0]                  |
|           |       |                 |                                                      |
|...        |       |                 |                                                      |
|           |       |                 |                                                      |
+-----------+-------+-----------------+------------------------------------------------------+


POV Allocation (ingress):
+-----------+-----------------+------------------------------+
|Container  |Container Slice  |Field Slice                   |
+-----------+-----------------+------------------------------+
|B4         |[0]              |ingress::hdr.ethernet.$valid  |
+-----------+-----------------+------------------------------+
|           |Total Bits Used  |1 / 128 ( 0.781%)             |
|           |Pack Density     |1 / 8 ( 12.5 %)               |
+-----------+-----------------+------------------------------+

POV Allocation (egress):
+-----------+-----------------+------------------------------------------------------+
|Container  |Container Slice  |Field Slice                                           |
+-----------+-----------------+------------------------------------------------------+
|B0         |[0]              |egress::eg_intr_md_for_dprsr.mirror_io_select.$valid  |
+-----------+-----------------+------------------------------------------------------+
|           |Total Bits Used  |1 / 128 ( 0.781%)                                     |
|           |Pack Density     |1 / 8 ( 12.5 %)                                       |
+-----------+-----------------+------------------------------------------------------+

+------------------------------------------------------+------------+-----------+----------------+-----------------+
|Field Slice                                           |Live Range  |Container  |Container Type  |Container Slice  |
+------------------------------------------------------+------------+-----------+----------------+-----------------+
|ingress::hdr.ethernet.dst_addr[47:32]                 |[-1r, 2w]   |MH0        |MH              |                 |
|ingress::hdr.ethernet.dst_addr[31:0]                  |[-1r, 2w]   |MW0        |MW              |                 |
|ingress::Enqueue_tail_tmp                             |[-1r, 2w]   |W0         |W               |                 |
|ingress::Enqueue_first_tmp                            |[-1r, 2w]   |B4         |B               |[1]              |
|egress::eg_intr_md_for_dprsr.mirror_io_select         |[-1r, 2w]   |MB0        |MB              |[0]              |
|egress::eg_intr_md_for_dprsr.mirror_io_select.$valid  |[-1r, 2w]   |B0         |B               |[0]              |
|ingress::hdr.ethernet.$valid                          |[-1r, 2w]   |B4         |B               |[0]              |
+------------------------------------------------------+------------+-----------+----------------+-----------------+





PHV Allocation State

MAU Groups:
+--------------------+-----------------+--------------+----------------------+---------------------+----------------+---------------------------+--------------------------+----------------+
|   Container Set    | Containers Used |  Bits Used   | Bits Used on Ingress | Bits Used on Egress | Bits Allocated | Bits Allocated on Ingress | Bits Allocated on Egress | Available Bits |
+--------------------+-----------------+--------------+----------------------+---------------------+----------------+---------------------------+--------------------------+----------------+
|       B0-11        |   2 ( 16.7 %)   | 3 ( 3.12 %)  |     2 ( 2.08 %)      |     1 ( 1.04 %)     |  3 ( 3.12 %)   |        2 ( 2.08 %)        |       1 ( 1.04 %)        |       96       |
|       MB0-3        |   1 (  25  %)   | 1 ( 3.12 %)  |     0 (   0  %)      |     1 ( 3.12 %)     |  1 ( 3.12 %)   |        0 (   0  %)        |       1 ( 3.12 %)        |       32       |
|       DB0-3        |   0 (   0  %)   | 0 (   0  %)  |     0 (   0  %)      |     0 (   0  %)     |  0 (   0  %)   |        0 (   0  %)        |       0 (   0  %)        |       32       |
|                    |                 |              |                      |                     |                |                           |                          |                |
| Usage for Group 1  |   3 (  15  %)   | 4 (  2.5 %)  |     2 ( 1.25 %)      |     2 ( 1.25 %)     |  4 (  2.5 %)   |        2 ( 1.25 %)        |       2 ( 1.25 %)        |      160       |
+--------------------+-----------------+--------------+----------------------+---------------------+----------------+---------------------------+--------------------------+----------------+
|       B12-23       |   0 (   0  %)   | 0 (   0  %)  |     0 (   0  %)      |     0 (   0  %)     |  0 (   0  %)   |        0 (   0  %)        |       0 (   0  %)        |       96       |
|       MB4-7        |   0 (   0  %)   | 0 (   0  %)  |     0 (   0  %)      |     0 (   0  %)     |  0 (   0  %)   |        0 (   0  %)        |       0 (   0  %)        |       32       |
|       DB4-7        |   0 (   0  %)   | 0 (   0  %)  |     0 (   0  %)      |     0 (   0  %)     |  0 (   0  %)   |        0 (   0  %)        |       0 (   0  %)        |       32       |
|                    |                 |              |                      |                     |                |                           |                          |                |
| Usage for Group 2  |   0 (   0  %)   | 0 (   0  %)  |     0 (   0  %)      |     0 (   0  %)     |  0 (   0  %)   |        0 (   0  %)        |       0 (   0  %)        |      160       |
+--------------------+-----------------+--------------+----------------------+---------------------+----------------+---------------------------+--------------------------+----------------+
|       B24-35       |   0 (   0  %)   | 0 (   0  %)  |     0 (   0  %)      |     0 (   0  %)     |  0 (   0  %)   |        0 (   0  %)        |       0 (   0  %)        |       96       |
|       MB8-11       |   0 (   0  %)   | 0 (   0  %)  |     0 (   0  %)      |     0 (   0  %)     |  0 (   0  %)   |        0 (   0  %)        |       0 (   0  %)        |       32       |
|       DB8-11       |   0 (   0  %)   | 0 (   0  %)  |     0 (   0  %)      |     0 (   0  %)     |  0 (   0  %)   |        0 (   0  %)        |       0 (   0  %)        |       32       |
|                    |                 |              |                      |                     |                |                           |                          |                |
| Usage for Group 3  |   0 (   0  %)   | 0 (   0  %)  |     0 (   0  %)      |     0 (   0  %)     |  0 (   0  %)   |        0 (   0  %)        |       0 (   0  %)        |      160       |
+--------------------+-----------------+--------------+----------------------+---------------------+----------------+---------------------------+--------------------------+----------------+
|       B36-47       |   0 (   0  %)   | 0 (   0  %)  |     0 (   0  %)      |     0 (   0  %)     |  0 (   0  %)   |        0 (   0  %)        |       0 (   0  %)        |       96       |
|      MB12-15       |   0 (   0  %)   | 0 (   0  %)  |     0 (   0  %)      |     0 (   0  %)     |  0 (   0  %)   |        0 (   0  %)        |       0 (   0  %)        |       32       |
|      DB12-15       |   0 (   0  %)   | 0 (   0  %)  |     0 (   0  %)      |     0 (   0  %)     |  0 (   0  %)   |        0 (   0  %)        |       0 (   0  %)        |       32       |
|                    |                 |              |                      |                     |                |                           |                          |                |
| Usage for Group 4  |   0 (   0  %)   | 0 (   0  %)  |     0 (   0  %)      |     0 (   0  %)     |  0 (   0  %)   |        0 (   0  %)        |       0 (   0  %)        |      160       |
+--------------------+-----------------+--------------+----------------------+---------------------+----------------+---------------------------+--------------------------+----------------+
|       H0-11        |   0 (   0  %)   | 0 (   0  %)  |     0 (   0  %)      |     0 (   0  %)     |  0 (   0  %)   |        0 (   0  %)        |       0 (   0  %)        |      192       |
|       MH0-3        |   1 (  25  %)   | 16 (  25  %) |     16 (  25  %)     |     0 (   0  %)     |  16 (  25  %)  |       16 (  25  %)        |       0 (   0  %)        |       64       |
|       DH0-3        |   0 (   0  %)   | 0 (   0  %)  |     0 (   0  %)      |     0 (   0  %)     |  0 (   0  %)   |        0 (   0  %)        |       0 (   0  %)        |       64       |
|                    |                 |              |                      |                     |                |                           |                          |                |
| Usage for Group 5  |   1 (   5  %)   | 16 (   5  %) |     16 (   5  %)     |     0 (   0  %)     |  16 (   5  %)  |       16 (   5  %)        |       0 (   0  %)        |      320       |
+--------------------+-----------------+--------------+----------------------+---------------------+----------------+---------------------------+--------------------------+----------------+
|       H12-23       |   0 (   0  %)   | 0 (   0  %)  |     0 (   0  %)      |     0 (   0  %)     |  0 (   0  %)   |        0 (   0  %)        |       0 (   0  %)        |      192       |
|       MH4-7        |   0 (   0  %)   | 0 (   0  %)  |     0 (   0  %)      |     0 (   0  %)     |  0 (   0  %)   |        0 (   0  %)        |       0 (   0  %)        |       64       |
|       DH4-7        |   0 (   0  %)   | 0 (   0  %)  |     0 (   0  %)      |     0 (   0  %)     |  0 (   0  %)   |        0 (   0  %)        |       0 (   0  %)        |       64       |
|                    |                 |              |                      |                     |                |                           |                          |                |
| Usage for Group 6  |   0 (   0  %)   | 0 (   0  %)  |     0 (   0  %)      |     0 (   0  %)     |  0 (   0  %)   |        0 (   0  %)        |       0 (   0  %)        |      320       |
+--------------------+-----------------+--------------+----------------------+---------------------+----------------+---------------------------+--------------------------+----------------+
|       H24-35       |   0 (   0  %)   | 0 (   0  %)  |     0 (   0  %)      |     0 (   0  %)     |  0 (   0  %)   |        0 (   0  %)        |       0 (   0  %)        |      192       |
|       MH8-11       |   0 (   0  %)   | 0 (   0  %)  |     0 (   0  %)      |     0 (   0  %)     |  0 (   0  %)   |        0 (   0  %)        |       0 (   0  %)        |       64       |
|       DH8-11       |   0 (   0  %)   | 0 (   0  %)  |     0 (   0  %)      |     0 (   0  %)     |  0 (   0  %)   |        0 (   0  %)        |       0 (   0  %)        |       64       |
|                    |                 |              |                      |                     |                |                           |                          |                |
| Usage for Group 7  |   0 (   0  %)   | 0 (   0  %)  |     0 (   0  %)      |     0 (   0  %)     |  0 (   0  %)   |        0 (   0  %)        |       0 (   0  %)        |      320       |
+--------------------+-----------------+--------------+----------------------+---------------------+----------------+---------------------------+--------------------------+----------------+
|       H36-47       |   0 (   0  %)   | 0 (   0  %)  |     0 (   0  %)      |     0 (   0  %)     |  0 (   0  %)   |        0 (   0  %)        |       0 (   0  %)        |      192       |
|      MH12-15       |   0 (   0  %)   | 0 (   0  %)  |     0 (   0  %)      |     0 (   0  %)     |  0 (   0  %)   |        0 (   0  %)        |       0 (   0  %)        |       64       |
|      DH12-15       |   0 (   0  %)   | 0 (   0  %)  |     0 (   0  %)      |     0 (   0  %)     |  0 (   0  %)   |        0 (   0  %)        |       0 (   0  %)        |       64       |
|                    |                 |              |                      |                     |                |                           |                          |                |
| Usage for Group 8  |   0 (   0  %)   | 0 (   0  %)  |     0 (   0  %)      |     0 (   0  %)     |  0 (   0  %)   |        0 (   0  %)        |       0 (   0  %)        |      320       |
+--------------------+-----------------+--------------+----------------------+---------------------+----------------+---------------------------+--------------------------+----------------+
|       H48-59       |   0 (   0  %)   | 0 (   0  %)  |     0 (   0  %)      |     0 (   0  %)     |  0 (   0  %)   |        0 (   0  %)        |       0 (   0  %)        |      192       |
|      MH16-19       |   0 (   0  %)   | 0 (   0  %)  |     0 (   0  %)      |     0 (   0  %)     |  0 (   0  %)   |        0 (   0  %)        |       0 (   0  %)        |       64       |
|      DH16-19       |   0 (   0  %)   | 0 (   0  %)  |     0 (   0  %)      |     0 (   0  %)     |  0 (   0  %)   |        0 (   0  %)        |       0 (   0  %)        |       64       |
|                    |                 |              |                      |                     |                |                           |                          |                |
| Usage for Group 9  |   0 (   0  %)   | 0 (   0  %)  |     0 (   0  %)      |     0 (   0  %)     |  0 (   0  %)   |        0 (   0  %)        |       0 (   0  %)        |      320       |
+--------------------+-----------------+--------------+----------------------+---------------------+----------------+---------------------------+--------------------------+----------------+
|       H60-71       |   0 (   0  %)   | 0 (   0  %)  |     0 (   0  %)      |     0 (   0  %)     |  0 (   0  %)   |        0 (   0  %)        |       0 (   0  %)        |      192       |
|      MH20-23       |   0 (   0  %)   | 0 (   0  %)  |     0 (   0  %)      |     0 (   0  %)     |  0 (   0  %)   |        0 (   0  %)        |       0 (   0  %)        |       64       |
|      DH20-23       |   0 (   0  %)   | 0 (   0  %)  |     0 (   0  %)      |     0 (   0  %)     |  0 (   0  %)   |        0 (   0  %)        |       0 (   0  %)        |       64       |
|                    |                 |              |                      |                     |                |                           |                          |                |
| Usage for Group 10 |   0 (   0  %)   | 0 (   0  %)  |     0 (   0  %)      |     0 (   0  %)     |  0 (   0  %)   |        0 (   0  %)        |       0 (   0  %)        |      320       |
+--------------------+-----------------+--------------+----------------------+---------------------+----------------+---------------------------+--------------------------+----------------+
|       W0-11        |   1 ( 8.33 %)   | 32 ( 8.33 %) |     32 ( 8.33 %)     |     0 (   0  %)     |  32 ( 8.33 %)  |       32 ( 8.33 %)        |       0 (   0  %)        |      384       |
|       MW0-3        |   1 (  25  %)   | 32 (  25  %) |     32 (  25  %)     |     0 (   0  %)     |  32 (  25  %)  |       32 (  25  %)        |       0 (   0  %)        |      128       |
|       DW0-3        |   0 (   0  %)   | 0 (   0  %)  |     0 (   0  %)      |     0 (   0  %)     |  0 (   0  %)   |        0 (   0  %)        |       0 (   0  %)        |      128       |
|                    |                 |              |                      |                     |                |                           |                          |                |
| Usage for Group 11 |   2 (  10  %)   | 64 (  10  %) |     64 (  10  %)     |     0 (   0  %)     |  64 (  10  %)  |       64 (  10  %)        |       0 (   0  %)        |      640       |
+--------------------+-----------------+--------------+----------------------+---------------------+----------------+---------------------------+--------------------------+----------------+
|       W12-23       |   0 (   0  %)   | 0 (   0  %)  |     0 (   0  %)      |     0 (   0  %)     |  0 (   0  %)   |        0 (   0  %)        |       0 (   0  %)        |      384       |
|       MW4-7        |   0 (   0  %)   | 0 (   0  %)  |     0 (   0  %)      |     0 (   0  %)     |  0 (   0  %)   |        0 (   0  %)        |       0 (   0  %)        |      128       |
|       DW4-7        |   0 (   0  %)   | 0 (   0  %)  |     0 (   0  %)      |     0 (   0  %)     |  0 (   0  %)   |        0 (   0  %)        |       0 (   0  %)        |      128       |
|                    |                 |              |                      |                     |                |                           |                          |                |
| Usage for Group 12 |   0 (   0  %)   | 0 (   0  %)  |     0 (   0  %)      |     0 (   0  %)     |  0 (   0  %)   |        0 (   0  %)        |       0 (   0  %)        |      640       |
+--------------------+-----------------+--------------+----------------------+---------------------+----------------+---------------------------+--------------------------+----------------+
|       W24-35       |   0 (   0  %)   | 0 (   0  %)  |     0 (   0  %)      |     0 (   0  %)     |  0 (   0  %)   |        0 (   0  %)        |       0 (   0  %)        |      384       |
|       MW8-11       |   0 (   0  %)   | 0 (   0  %)  |     0 (   0  %)      |     0 (   0  %)     |  0 (   0  %)   |        0 (   0  %)        |       0 (   0  %)        |      128       |
|       DW8-11       |   0 (   0  %)   | 0 (   0  %)  |     0 (   0  %)      |     0 (   0  %)     |  0 (   0  %)   |        0 (   0  %)        |       0 (   0  %)        |      128       |
|                    |                 |              |                      |                     |                |                           |                          |                |
| Usage for Group 13 |   0 (   0  %)   | 0 (   0  %)  |     0 (   0  %)      |     0 (   0  %)     |  0 (   0  %)   |        0 (   0  %)        |       0 (   0  %)        |      640       |
+--------------------+-----------------+--------------+----------------------+---------------------+----------------+---------------------------+--------------------------+----------------+
|       W36-47       |   0 (   0  %)   | 0 (   0  %)  |     0 (   0  %)      |     0 (   0  %)     |  0 (   0  %)   |        0 (   0  %)        |       0 (   0  %)        |      384       |
|      MW12-15       |   0 (   0  %)   | 0 (   0  %)  |     0 (   0  %)      |     0 (   0  %)     |  0 (   0  %)   |        0 (   0  %)        |       0 (   0  %)        |      128       |
|      DW12-15       |   0 (   0  %)   | 0 (   0  %)  |     0 (   0  %)      |     0 (   0  %)     |  0 (   0  %)   |        0 (   0  %)        |       0 (   0  %)        |      128       |
|                    |                 |              |                      |                     |                |                           |                          |                |
| Usage for Group 14 |   0 (   0  %)   | 0 (   0  %)  |     0 (   0  %)      |     0 (   0  %)     |  0 (   0  %)   |        0 (   0  %)        |       0 (   0  %)        |      640       |
+--------------------+-----------------+--------------+----------------------+---------------------+----------------+---------------------------+--------------------------+----------------+
|    Usage for 8b    |   3 ( 3.75 %)   | 4 ( 0.625%)  |     2 ( 0.312%)      |     2 ( 0.312%)     |  4 ( 0.625%)   |        2 ( 0.312%)        |       2 ( 0.312%)        |      640       |
|   Usage for 16b    |   1 ( 0.833%)   | 16 ( 0.833%) |     16 ( 0.833%)     |     0 (   0  %)     |  16 ( 0.833%)  |       16 ( 0.833%)        |       0 (   0  %)        |      1920      |
|   Usage for 32b    |   2 (  2.5 %)   | 64 (  2.5 %) |     64 (  2.5 %)     |     0 (   0  %)     |  64 (  2.5 %)  |       64 (  2.5 %)        |       0 (   0  %)        |      2560      |
+--------------------+-----------------+--------------+----------------------+---------------------+----------------+---------------------------+--------------------------+----------------+
|   Usage for dark   |   0 (   0  %)   | 0 (   0  %)  |     0 (   0  %)      |     0 (   0  %)     |  0 (   0  %)   |        0 (   0  %)        |       0 (   0  %)        |      1024      |
|  Usage for mocha   |   3 ( 5.36 %)   | 49 ( 4.79 %) |     48 ( 4.69 %)     |     1 (0.0977%)     |  49 ( 4.79 %)  |       48 ( 4.69 %)        |       1 (0.0977%)        |      1024      |
|  Usage for normal  |   3 ( 1.79 %)   | 35 ( 1.14 %) |     34 ( 1.11 %)     |     1 (0.0326%)     |  35 ( 1.14 %)  |       34 ( 1.11 %)        |       1 (0.0326%)        |      3072      |
+--------------------+-----------------+--------------+----------------------+---------------------+----------------+---------------------------+--------------------------+----------------+
| Overall PHV Usage  |   6 ( 2.14 %)   | 84 ( 1.64 %) |     82 (  1.6 %)     |     2 (0.0391%)     |  84 ( 1.64 %)  |       82 (  1.6 %)        |       2 (0.0391%)        |      5120      |
+--------------------+-----------------+--------------+----------------------+---------------------+----------------+---------------------------+--------------------------+----------------+




