FindDependencyGraph : After Instruction Selection
ingress: [3085179]
  dmac_0
    NoAction: [3085241] 0 00 000 0000
      tbl_ring_buffer87
      Enqueue_first_table
        stateful first    1
      Enqueue_inc_tail_table
        stateful tail    1
      Enqueue_inc_size_table
        stateful buffer_size    1
      Enqueue_enqueue_table
        stateful ring_buffer   16
egress: [3088208]

DepStagesThruDomFrontier postorder : tbl_ring_buffer87
DepStagesThruDomFrontier postorder : Enqueue_first_table
DepStagesThruDomFrontier postorder : Enqueue_inc_tail_table
DepStagesThruDomFrontier postorder : Enqueue_inc_size_table
DepStagesThruDomFrontier postorder : Enqueue_enqueue_table
DepStagesThruDomFrontier postorder : dmac_0
    Maximum stage number according to dependences: 
      INGRESS: 2
      EGRESS: -1
GRAPH
    dmac_0 -- CONTROL_ACTION --> tbl_ring_buffer87
    dmac_0 -- CONTROL_ACTION --> Enqueue_first_table
    dmac_0 -- CONTROL_ACTION --> Enqueue_inc_tail_table
    dmac_0 -- CONTROL_ACTION --> Enqueue_inc_size_table
    dmac_0 -- CONTROL_ACTION --> Enqueue_enqueue_table
    tbl_ring_buffer87 -- IXBAR_READ --> Enqueue_inc_tail_table
    Enqueue_inc_tail_table -- IXBAR_READ --> Enqueue_enqueue_table
MIN STAGE INFO
    Each table also indicates its dependency chain length
    First number refers to a dependency chain from which each tables are not split
    Second number refers to a dependency chain from which each tables are split as on  last allocation pass
 Stage #0
     dmac_0 2 2
     tbl_ring_buffer87 2 2
	- Edge CONTROL_ACTION dmac_0
     Enqueue_first_table 0 0
	- Edge CONTROL_ACTION dmac_0
     Enqueue_inc_size_table 0 0
	- Edge CONTROL_ACTION dmac_0
 Stage #1
     Enqueue_inc_tail_table 1 1
	- Edge IXBAR_READ tbl_ring_buffer87
 Stage #2
     Enqueue_enqueue_table 0 0
	- Edge IXBAR_READ Enqueue_inc_tail_table

FindDependencyGraph : Just Before PHV allocation
ingress: [3085179]
  dmac_0
    NoAction: [3085241] 0 00 000
      Enqueue_first_table
        stateful first    1
      Enqueue_inc_tail_table
        stateful tail    1
      Enqueue_inc_size_table
        stateful buffer_size    1
      Enqueue_enqueue_table
        stateful ring_buffer   16
egress: [3088208]

DepStagesThruDomFrontier postorder : Enqueue_first_table
DepStagesThruDomFrontier postorder : Enqueue_inc_tail_table
DepStagesThruDomFrontier postorder : Enqueue_inc_size_table
DepStagesThruDomFrontier postorder : Enqueue_enqueue_table
DepStagesThruDomFrontier postorder : dmac_0
    Maximum stage number according to dependences: 
      INGRESS: 1
      EGRESS: -1
GRAPH
    dmac_0 -- CONTROL_ACTION --> Enqueue_first_table
    dmac_0 -- CONTROL_ACTION --> Enqueue_inc_tail_table
    dmac_0 -- CONTROL_ACTION --> Enqueue_inc_size_table
    dmac_0 -- CONTROL_ACTION --> Enqueue_enqueue_table
    Enqueue_inc_tail_table -- IXBAR_READ --> Enqueue_enqueue_table
MIN STAGE INFO
    Each table also indicates its dependency chain length
    First number refers to a dependency chain from which each tables are not split
    Second number refers to a dependency chain from which each tables are split as on  last allocation pass
 Stage #0
     dmac_0 1 1
     Enqueue_first_table 0 0
	- Edge CONTROL_ACTION dmac_0
     Enqueue_inc_tail_table 1 1
	- Edge CONTROL_ACTION dmac_0
     Enqueue_inc_size_table 0 0
	- Edge CONTROL_ACTION dmac_0
 Stage #1
     Enqueue_enqueue_table 0 0
	- Edge IXBAR_READ Enqueue_inc_tail_table

ingress: [3085179]
  dmac_0{ E 38+0, 0 0K }
    NoAction: [3085241] 0 00 010
      Enqueue_first_table
        stateful first    1
      Enqueue_inc_tail_table
        stateful tail    1
      Enqueue_inc_size_table
        stateful buffer_size    1
      Enqueue_enqueue_table
        stateful ring_buffer   16
egress: [3088208]

DepStagesThruDomFrontier postorder : Enqueue_first_table
DepStagesThruDomFrontier postorder : Enqueue_inc_tail_table
DepStagesThruDomFrontier postorder : Enqueue_inc_size_table
DepStagesThruDomFrontier postorder : Enqueue_enqueue_table
DepStagesThruDomFrontier postorder : dmac_0
    Maximum stage number according to dependences: 
      INGRESS: 1
      EGRESS: -1
GRAPH
    dmac_0 -- CONTROL_ACTION --> Enqueue_first_table
    dmac_0 -- CONTROL_ACTION --> Enqueue_inc_tail_table
    dmac_0 -- CONTROL_ACTION --> Enqueue_inc_size_table
    dmac_0 -- CONTROL_ACTION --> Enqueue_enqueue_table
    Enqueue_inc_tail_table -- IXBAR_READ --> Enqueue_enqueue_table
MIN STAGE INFO
    Each table also indicates its dependency chain length
    First number refers to a dependency chain from which each tables are not split
    Second number refers to a dependency chain from which each tables are split as on  last allocation pass
 Stage #0
     dmac_0 1 1
     Enqueue_first_table 0 0
	- Edge CONTROL_ACTION dmac_0
     Enqueue_inc_tail_table 1 1
	- Edge CONTROL_ACTION dmac_0
     Enqueue_inc_size_table 0 0
	- Edge CONTROL_ACTION dmac_0
 Stage #1
     Enqueue_enqueue_table 0 0
	- Edge IXBAR_READ Enqueue_inc_tail_table

FindDependencyGraph : Before Table Placement
ingress: [3085179]
  dmac_0{ E 38+0, 0 0K }
    NoAction: [3085241] 0 00 010
      Enqueue_first_table
        stateful first    1
      Enqueue_inc_tail_table
        stateful tail    1
      Enqueue_inc_size_table
        stateful buffer_size    1
      Enqueue_enqueue_table
        stateful ring_buffer   16
egress: [3088208]

DepStagesThruDomFrontier postorder : Enqueue_first_table
DepStagesThruDomFrontier postorder : Enqueue_inc_tail_table
DepStagesThruDomFrontier postorder : Enqueue_inc_size_table
DepStagesThruDomFrontier postorder : Enqueue_enqueue_table
DepStagesThruDomFrontier postorder : dmac_0
    Maximum stage number according to dependences: 
      INGRESS: 1
      EGRESS: -1
GRAPH
    dmac_0 -- CONTROL_ACTION --> Enqueue_first_table
    dmac_0 -- CONTROL_ACTION --> Enqueue_inc_tail_table
    dmac_0 -- CONTROL_ACTION --> Enqueue_inc_size_table
    dmac_0 -- CONTROL_ACTION --> Enqueue_enqueue_table
    Enqueue_inc_tail_table -- IXBAR_READ --> Enqueue_enqueue_table
MIN STAGE INFO
    Each table also indicates its dependency chain length
    First number refers to a dependency chain from which each tables are not split
    Second number refers to a dependency chain from which each tables are split as on  last allocation pass
 Stage #0
     dmac_0 1 1
     Enqueue_first_table 0 0
	- Edge CONTROL_ACTION dmac_0
     Enqueue_inc_tail_table 1 1
	- Edge CONTROL_ACTION dmac_0
     Enqueue_inc_size_table 0 0
	- Edge CONTROL_ACTION dmac_0
 Stage #1
     Enqueue_enqueue_table 0 0
	- Edge IXBAR_READ Enqueue_inc_tail_table

FindDependencyGraph : After Table Placement
ingress: [3085179]
  0: dmac_0{ E 38+0, 0 [1x1 1K 1K 1K 1K] }
    NoAction: [3085241] 0 00 100
      1: Enqueue_inc_tail_table{ E 0+10, 0 0K }
        stateful tail 1   
      2: Enqueue_inc_size_table{ E 0+10, 0 0K }
        stateful buffer_size 1   
      3: Enqueue_first_table{ E 0+10, 0 0K }
        stateful first 1   
      10: Enqueue_enqueue_table{ E 0+10, 0 0K }
        stateful ring_buffer 16  
egress: [3088208]

DepStagesThruDomFrontier postorder : Enqueue_inc_tail_table
DepStagesThruDomFrontier postorder : Enqueue_inc_size_table
DepStagesThruDomFrontier postorder : Enqueue_first_table
DepStagesThruDomFrontier postorder : Enqueue_enqueue_table
DepStagesThruDomFrontier postorder : dmac_0
    Maximum stage number according to dependences: 
      INGRESS: 1
      EGRESS: -1
GRAPH
    dmac_0 -- CONTROL_ACTION --> Enqueue_inc_tail_table
    dmac_0 -- CONTROL_ACTION --> Enqueue_inc_size_table
    dmac_0 -- CONTROL_ACTION --> Enqueue_first_table
    dmac_0 -- CONTROL_ACTION --> Enqueue_enqueue_table
    Enqueue_inc_tail_table -- IXBAR_READ --> Enqueue_enqueue_table
MIN STAGE INFO
    Each table also indicates its dependency chain length
    First number refers to a dependency chain from which each tables are not split
    Second number refers to a dependency chain from which each tables are split as on  last allocation pass
 Stage #0
     dmac_0 1 1
     Enqueue_inc_tail_table 1 1
	- Edge CONTROL_ACTION dmac_0
     Enqueue_inc_size_table 0 0
	- Edge CONTROL_ACTION dmac_0
     Enqueue_first_table 0 0
	- Edge CONTROL_ACTION dmac_0
 Stage #1
     Enqueue_enqueue_table 0 0
	- Edge IXBAR_READ Enqueue_inc_tail_table

FindDependencyGraph : Power Calculation
ingress: [3085179]
  0: dmac_0{ E 38+0, 0 [1x1 1K 1K 1K 1K] }
    NoAction: [3085241] 0 00 100
      1: Enqueue_inc_tail_table{ E 0+10, 0 0K }
        stateful tail 1   
      2: Enqueue_inc_size_table{ E 0+10, 0 0K }
        stateful buffer_size 1   
      3: Enqueue_first_table{ E 0+10, 0 0K }
        stateful first 1   
      10: Enqueue_enqueue_table{ E 0+10, 0 0K }
        stateful ring_buffer 16  
egress: [3088208]

DepStagesThruDomFrontier postorder : Enqueue_inc_tail_table
DepStagesThruDomFrontier postorder : Enqueue_inc_size_table
DepStagesThruDomFrontier postorder : Enqueue_first_table
DepStagesThruDomFrontier postorder : Enqueue_enqueue_table
DepStagesThruDomFrontier postorder : dmac_0
    Maximum stage number according to dependences: 
      INGRESS: 1
      EGRESS: -1
GRAPH
    dmac_0 -- CONTROL_ACTION --> Enqueue_inc_tail_table
    dmac_0 -- CONTROL_ACTION --> Enqueue_inc_size_table
    dmac_0 -- CONTROL_ACTION --> Enqueue_first_table
    dmac_0 -- CONTROL_ACTION --> Enqueue_enqueue_table
    Enqueue_inc_tail_table -- IXBAR_READ --> Enqueue_enqueue_table
MIN STAGE INFO
    Each table also indicates its dependency chain length
    First number refers to a dependency chain from which each tables are not split
    Second number refers to a dependency chain from which each tables are split as on  last allocation pass
 Stage #0
     dmac_0 1 1
     Enqueue_inc_tail_table 1 1
	- Edge CONTROL_ACTION dmac_0
     Enqueue_inc_size_table 0 0
	- Edge CONTROL_ACTION dmac_0
     Enqueue_first_table 0 0
	- Edge CONTROL_ACTION dmac_0
 Stage #1
     Enqueue_enqueue_table 0 0
	- Edge IXBAR_READ Enqueue_inc_tail_table

