Table Placement ignores container conflicts? 0
table placement starting pipe
ingress: [3085179]
  dmac_0{ E 38+0, 0 0K }
    NoAction: [3085241] 0 00 010
      Enqueue_first_table
        stateful first    1
      Enqueue_inc_tail_table
        stateful tail    1
      Enqueue_inc_size_table
        stateful buffer_size    1
      Enqueue_enqueue_table
        stateful ring_buffer   16
egress: [3088208]

stage 0, work: [ 3085179 ], partly placed 0, placed 0
    { id=0 ram=0 tcam=0 mram=0 eixb=0 tixb=0 malu=0 salu=0 }
  Group table: dmac_0
dmac_0 is not a gateway! Aborting search for merge choices
try_place_table(dmac_0, stage=0)
  Initial stage is 0, initial entries is 256
Trying to allocate imem for dmac_0
Trying to allocate imem for dmac_0
  Selected stage: 0    Furthest stage: 0
  try_place_table returning 4096 of dmac_0 in stage 0
    Pl vector: [ dmac_0 ]
found 1 tables that could be placed: [ dmac_0 ]
Initial best is first table seen: dmac_0
placing 4096 entries of dmac_0 in stage 0(0) FormatType(02)
stage 0, work: [ 3085179, 3085241 ], partly placed 0, placed 1
    { id=1 ram=4 tcam=0 mram=0 eixb=6 tixb=0 malu=0 salu=0 }
  Group table: dmac_0
    - skipping dmac_0 as its already done
  Group table: Enqueue_first_table
  Group table: Enqueue_inc_tail_table
  Group table: Enqueue_inc_size_table
  Group table: Enqueue_enqueue_table
Enqueue_first_table is not a gateway! Aborting search for merge choices
try_place_table(Enqueue_first_table, stage=0)
  Initial stage is 0, initial entries is 512
Trying to allocate imem for dmac_0
Trying to allocate imem for Enqueue_first_table
Trying to allocate imem for dmac_0
Trying to allocate imem for Enqueue_first_table
  Selected stage: 0    Furthest stage: 1
  try_place_table returning 512 of Enqueue_first_table in stage 0
    Pl vector: [ Enqueue_first_table ]
Enqueue_inc_tail_table is not a gateway! Aborting search for merge choices
try_place_table(Enqueue_inc_tail_table, stage=0)
  Initial stage is 0, initial entries is 512
Trying to allocate imem for dmac_0
Trying to allocate imem for Enqueue_inc_tail_table
Trying to allocate imem for dmac_0
Trying to allocate imem for Enqueue_inc_tail_table
  Selected stage: 0    Furthest stage: 1
  try_place_table returning 512 of Enqueue_inc_tail_table in stage 0
    Pl vector: [ Enqueue_inc_tail_table ]
Enqueue_inc_size_table is not a gateway! Aborting search for merge choices
try_place_table(Enqueue_inc_size_table, stage=0)
  Initial stage is 0, initial entries is 512
Trying to allocate imem for dmac_0
Trying to allocate imem for Enqueue_inc_size_table
Trying to allocate imem for dmac_0
Trying to allocate imem for Enqueue_inc_size_table
  Selected stage: 0    Furthest stage: 1
  try_place_table returning 512 of Enqueue_inc_size_table in stage 0
    Pl vector: [ Enqueue_inc_size_table ]
  - skipping Enqueue_enqueue_table due to in-sequence control dependence on Enqueue_inc_tail_table
found 3 tables that could be placed: [ Enqueue_first_table, Enqueue_inc_tail_table, Enqueue_inc_size_table ]
Initial best is first table seen: Enqueue_first_table
For trial t : Enqueue_inc_tail_table with best: Enqueue_first_table
    Updating best to Enqueue_inc_tail_table from Enqueue_first_table for reason: longer downward prop control-included dependence tail chain
For trial t : Enqueue_inc_size_table with best: Enqueue_inc_tail_table
    Keeping best Enqueue_inc_tail_table for reason: longer downward prop control-included dependence tail chain
placing 512 entries of Enqueue_inc_tail_table in stage 0(1) FormatType(022)
stage 0, work: [ 3085241 ], partly placed 0, placed 2
    { id=1 ram=4 tcam=0 mram=0 eixb=6 tixb=0 malu=0 salu=0 }
  Group table: Enqueue_first_table
  Group table: Enqueue_inc_tail_table
  Group table: Enqueue_inc_size_table
  Group table: Enqueue_enqueue_table
Enqueue_first_table is not a gateway! Aborting search for merge choices
try_place_table(Enqueue_first_table, stage=0)
  Initial stage is 0, initial entries is 512
Trying to allocate imem for dmac_0
Trying to allocate imem for Enqueue_inc_tail_table
Trying to allocate imem for Enqueue_first_table
Trying to allocate imem for dmac_0
Trying to allocate imem for Enqueue_inc_tail_table
Trying to allocate imem for Enqueue_first_table
  Selected stage: 0    Furthest stage: 1
  try_place_table returning 512 of Enqueue_first_table in stage 0
    Pl vector: [ Enqueue_first_table ]
    - skipping Enqueue_inc_tail_table as its already done
Enqueue_inc_size_table is not a gateway! Aborting search for merge choices
try_place_table(Enqueue_inc_size_table, stage=0)
  Initial stage is 0, initial entries is 512
Trying to allocate imem for dmac_0
Trying to allocate imem for Enqueue_inc_tail_table
Trying to allocate imem for Enqueue_inc_size_table
Trying to allocate imem for dmac_0
Trying to allocate imem for Enqueue_inc_tail_table
Trying to allocate imem for Enqueue_inc_size_table
  Selected stage: 0    Furthest stage: 1
  try_place_table returning 512 of Enqueue_inc_size_table in stage 0
    Pl vector: [ Enqueue_inc_size_table ]
Enqueue_enqueue_table is not a gateway! Aborting search for merge choices
try_place_table(Enqueue_enqueue_table, stage=0)
  - dependency between Enqueue_inc_tail_table and table advances stage
  Initial stage is 1, initial entries is 512
Trying to allocate imem for Enqueue_enqueue_table
Trying to allocate imem for Enqueue_enqueue_table
  Selected stage: 1    Furthest stage: 1
  try_place_table returning 512 of Enqueue_enqueue_table in stage 1
    Pl vector: [ Enqueue_enqueue_table ]
found 3 tables that could be placed: [ Enqueue_first_table, Enqueue_inc_size_table, Enqueue_enqueue_table ]
Initial best is first table seen: Enqueue_first_table
For trial t : Enqueue_inc_size_table with best: Enqueue_first_table
    Updating best to Enqueue_inc_size_table from Enqueue_first_table for reason: default choice
For trial t : Enqueue_enqueue_table with best: Enqueue_inc_size_table
    Keeping best Enqueue_inc_size_table for reason: earlier stage calculated
placing 512 entries of Enqueue_inc_size_table in stage 0(2) FormatType(022)
stage 0, work: [ 3085241 ], partly placed 0, placed 3
    { id=1 ram=4 tcam=0 mram=0 eixb=6 tixb=0 malu=0 salu=0 }
  Group table: Enqueue_first_table
  Group table: Enqueue_inc_tail_table
  Group table: Enqueue_inc_size_table
  Group table: Enqueue_enqueue_table
Enqueue_first_table is not a gateway! Aborting search for merge choices
try_place_table(Enqueue_first_table, stage=0)
  Initial stage is 0, initial entries is 512
Trying to allocate imem for dmac_0
Trying to allocate imem for Enqueue_inc_tail_table
Trying to allocate imem for Enqueue_inc_size_table
Trying to allocate imem for Enqueue_first_table
Trying to allocate imem for dmac_0
Trying to allocate imem for Enqueue_inc_tail_table
Trying to allocate imem for Enqueue_inc_size_table
Trying to allocate imem for Enqueue_first_table
  Selected stage: 0    Furthest stage: 1
  try_place_table returning 512 of Enqueue_first_table in stage 0
    Pl vector: [ Enqueue_first_table ]
    - skipping Enqueue_inc_tail_table as its already done
    - skipping Enqueue_inc_size_table as its already done
Enqueue_enqueue_table is not a gateway! Aborting search for merge choices
try_place_table(Enqueue_enqueue_table, stage=0)
  - dependency between Enqueue_inc_tail_table and table advances stage
  Initial stage is 1, initial entries is 512
Trying to allocate imem for Enqueue_enqueue_table
Trying to allocate imem for Enqueue_enqueue_table
  Selected stage: 1    Furthest stage: 1
  try_place_table returning 512 of Enqueue_enqueue_table in stage 1
    Pl vector: [ Enqueue_enqueue_table ]
found 2 tables that could be placed: [ Enqueue_first_table, Enqueue_enqueue_table ]
Initial best is first table seen: Enqueue_first_table
For trial t : Enqueue_enqueue_table with best: Enqueue_first_table
    Keeping best Enqueue_first_table for reason: earlier stage calculated
placing 512 entries of Enqueue_first_table in stage 0(3) FormatType(022)
stage 0, work: [ 3085241 ], partly placed 0, placed 4
    { id=1 ram=4 tcam=0 mram=0 eixb=6 tixb=0 malu=0 salu=0 }
  Group table: Enqueue_first_table
  Group table: Enqueue_inc_tail_table
  Group table: Enqueue_inc_size_table
  Group table: Enqueue_enqueue_table
    - skipping Enqueue_first_table as its already done
    - skipping Enqueue_inc_tail_table as its already done
    - skipping Enqueue_inc_size_table as its already done
Enqueue_enqueue_table is not a gateway! Aborting search for merge choices
try_place_table(Enqueue_enqueue_table, stage=0)
  - dependency between Enqueue_inc_tail_table and table advances stage
  Initial stage is 1, initial entries is 512
Trying to allocate imem for Enqueue_enqueue_table
Trying to allocate imem for Enqueue_enqueue_table
  Selected stage: 1    Furthest stage: 1
  try_place_table returning 512 of Enqueue_enqueue_table in stage 1
    Pl vector: [ Enqueue_enqueue_table ]
found 1 tables that could be placed: [ Enqueue_enqueue_table ]
Initial best is first table seen: Enqueue_enqueue_table
placing 512 entries of Enqueue_enqueue_table in stage 1(10) FormatType(022)
Adding complete placement for resource mode:0
Found a complete solution that fit the number of stages required
Evaluating complete solution with resource:0
Placement error(s):0 stages required:2
Updating best final placement with this one
Table placement placed 5 tables in 2 stages
  Table Enqueue_enqueue_table logical id 0x10 entries=512
    attached table ring_buffer entries=16
  Table Enqueue_first_table logical id 0x3 entries=512
    attached table first entries=1
  Table Enqueue_inc_size_table logical id 0x2 entries=512
    attached table buffer_size entries=1
  Table Enqueue_inc_tail_table logical id 0x1 entries=512
    attached table tail entries=1
  Table dmac_0 logical id 0x0 entries=4096
Finished table placement decisions pipe
  Adding Ternary Indirect table to Enqueue_first_table
  Adding Ternary Indirect table to Enqueue_inc_tail_table
  Adding Ternary Indirect table to Enqueue_inc_size_table
table placement completed pipe
ingress: [3085179]
  0: dmac_0{ E 38+0, 0 [1x1 1K 1K 1K 1K] }
    NoAction: [3085241] 0 00 000
      1: Enqueue_inc_tail_table{ E 0+10, 0 0K }
        stateful tail    1
      2: Enqueue_inc_size_table{ E 0+10, 0 0K }
        stateful buffer_size    1
      3: Enqueue_first_table{ E 0+10, 0 0K }
        stateful first    1
      10: Enqueue_enqueue_table{ E 0+10, 0 0K }
        stateful ring_buffer   16
egress: [3088208]

